[+] Containers:
 |- [+] Container: /Game/ThirdPerson/Maps/ThirdPersonMap
 |   |- [+] ActorDescs:
 |   |   |- Guid:020B3CFB42E1C41DF3E403B141E01D76 BaseClass: NativeClass:/Script/Engine.StaticMeshActor Name:StaticMeshActor_UAID_2CF05D55C5C3576A01_1603432412 Label:Wall_400x402 SpatiallyLoaded:1 Bounds:IsValid=true, Min=(X=5270.000 Y=1210.000 Z=560.000), Max=(X=6151.000 Y=1230.000 Z=960.000) RuntimeGrid:None EditorOnly:0 RuntimeOnly:0 HLODRelevant:1
 |   |   |- Guid:1BEB386A44E285CA6652EC89D58B2AA8 BaseClass: NativeClass:/Script/Engine.StaticMeshActor Name:StaticMeshActor_UAID_2CF05D55C5C3576A01_2067855434 Label:SM_CornerFrame3 SpatiallyLoaded:1 Bounds:IsValid=true, Min=(X=5672.830 Y=690.000 Z=556.349), Max=(X=5801.170 Y=803.651 Z=670.000) RuntimeGrid:None EditorOnly:0 RuntimeOnly:0 HLODRelevant:1
 |   |   |- Guid:21D13AFA4E5B96F91515B690EC16E176 BaseClass: NativeClass:/Script/Engine.StaticMeshActor Name:StaticMeshActor_UAID_2CF05D55C5C3586A01_1261886617 Label:SM_Bush4 SpatiallyLoaded:1 Bounds:IsValid=true, Min=(X=1956.503 Y=785.774 Z=517.898), Max=(X=2463.498 Y=1334.226 Z=1138.124) RuntimeGrid:None EditorOnly:0 RuntimeOnly:0 HLODRelevant:1
 |   |   |- Guid:22A96FFE4E8EB44B2637BD8B1F793947 BaseClass: NativeClass:/Script/Engine.StaticMeshActor Name:StaticMeshActor_UAID_2CF05D55C5C3576A01_1754467420 Label:Wall_400x403 SpatiallyLoaded:1 Bounds:IsValid=true, Min=(X=5270.000 Y=-1140.000 Z=560.000), Max=(X=5290.000 Y=-389.000 Z=960.000) RuntimeGrid:None EditorOnly:0 RuntimeOnly:0 HLODRelevant:1
 |   |   |- Guid:23CC158E493612719DE2CCA7985B54C8 BaseClass: NativeClass:/Script/Engine.StaticMeshActor Name:StaticMeshActor_UAID_2CF05D55C5C3586A01_1243720615 Label:SM_Bush2 SpatiallyLoaded:1 Bounds:IsValid=true, Min=(X=376.503 Y=-5354.226 Z=637.898), Max=(X=883.498 Y=-4805.774 Z=1258.124) RuntimeGrid:None EditorOnly:0 RuntimeOnly:0 HLODRelevant:1
 |   |   |- Guid:2E39B60042CDC43404252DB7DA1114F6 BaseClass: NativeClass:/Script/Engine.StaticMeshActor Name:StaticMeshActor_UAID_2CF05D55C5C3576A01_1467281408 Label:Wall_400x400 SpatiallyLoaded:1 Bounds:IsValid=true, Min=(X=6150.000 Y=-1160.000 Z=290.000), Max=(X=6170.000 Y=1228.000 Z=961.000) RuntimeGrid:None EditorOnly:0 RuntimeOnly:0 HLODRelevant:1
 |   |   |- Guid:2FB58999456391D349DC0F86DAC136ED BaseClass: NativeClass:/Script/Engine.SkyLight Name:SkyLight_1 Label:SkyLight SpatiallyLoaded:0 Bounds:IsValid=true, Min=(X=0.000 Y=0.000 Z=690.000), Max=(X=0.000 Y=0.000 Z=690.000) RuntimeGrid:None EditorOnly:0 RuntimeOnly:0 HLODRelevant:0 FolderPath:Lighting FolderGuid:963EC3EB4002CCE9759E2EBA541A873A
 |   |   |- Guid:303AE55640027E9D3B2254A79D06A3BE BaseClass: NativeClass:/Script/Engine.StaticMeshActor Name:StaticMeshActor_UAID_2CF05D55C5C3586A01_1594900622 Label:SM_Lamp_Wall4 SpatiallyLoaded:1 Bounds:IsValid=true, Min=(X=6131.691 Y=-888.309 Z=759.952), Max=(X=6150.066 Y=-851.691 Z=789.370) RuntimeGrid:None EditorOnly:0 RuntimeOnly:0 HLODRelevant:1
 |   |   |- Guid:316CF2A6494ACA4C0E4180A87D36AB8F BaseClass: NativeClass:/Script/Engine.ExponentialHeightFog Name:ExponentialHeightFog_0 Label:ExponentialHeightFog SpatiallyLoaded:0 Bounds:IsValid=true, Min=(X=-5600.000 Y=-50.000 Z=-6850.000), Max=(X=-5600.000 Y=-50.000 Z=-6850.000) RuntimeGrid:None EditorOnly:0 RuntimeOnly:0 HLODRelevant:0 FolderPath:Lighting FolderGuid:963EC3EB4002CCE9759E2EBA541A873A
 |   |   |- Guid:36B0A187429A863C9BED369EC2985C9A BaseClass: NativeClass:/Script/Engine.StaticMeshActor Name:StaticMeshActor_UAID_2CF05D55C5C3576A01_1880588427 Label:SM_Couch SpatiallyLoaded:1 Bounds:IsValid=true, Min=(X=5298.922 Y=-785.966 Z=560.096), Max=(X=5381.078 Y=-514.034 Z=675.447) RuntimeGrid:None EditorOnly:0 RuntimeOnly:0 HLODRelevant:1
 |   |   |- Guid:3A00AA1C422CE54C0BDB60BAF471BFBB BaseClass: NativeClass:/Script/Engine.PlayerStart Name:PlayerStart_0 Label:PlayerStart SpatiallyLoaded:0 Bounds:IsValid=true, Min=(X=5700.000 Y=-750.000 Z=560.013), Max=(X=5780.000 Y=-670.000 Z=744.013) RuntimeGrid:None EditorOnly:0 RuntimeOnly:0 HLODRelevant:0
 |   |   |- Guid:4587A8B74F01953AC8E0059659895C3B BaseClass: NativeClass:/Script/Engine.StaticMeshActor Name:StaticMeshActor_UAID_2CF05D55C5C3576A01_1858606426 Label:SM_Statue SpatiallyLoaded:1 Bounds:IsValid=true, Min=(X=5347.560 Y=-1062.440 Z=560.000), Max=(X=5492.440 Y=-917.560 Z=884.657) RuntimeGrid:None EditorOnly:0 RuntimeOnly:0 HLODRelevant:1
 |   |   |- Guid:4D3BE93F4146AAAC8BBE79999D96D57F BaseClass: NativeClass:/Script/Engine.VolumetricCloud Name:VolumetricCloud_0 Label:VolumetricCloud SpatiallyLoaded:0 Bounds:IsValid=true, Min=(X=0.000 Y=0.000 Z=820.000), Max=(X=0.000 Y=0.000 Z=820.000) RuntimeGrid:None EditorOnly:0 RuntimeOnly:0 HLODRelevant:0 FolderPath:Lighting FolderGuid:963EC3EB4002CCE9759E2EBA541A873A
 |   |   |- Guid:506CA00547DE5BD98BEAD98D69AE9B99 BaseClass: NativeClass:/Script/Engine.StaticMeshActor Name:StaticMeshActor_UAID_2CF05D55C5C3576A01_1558129411 Label:Wall_400x401 SpatiallyLoaded:1 Bounds:IsValid=true, Min=(X=5270.000 Y=-1160.000 Z=560.000), Max=(X=6151.000 Y=-1140.000 Z=960.000) RuntimeGrid:None EditorOnly:0 RuntimeOnly:0 HLODRelevant:1
 |   |   |- Guid:511422404769BD39B052C5B718027064 BaseClass: NativeClass:/Script/Engine.StaticMeshActor Name:StaticMeshActor_UAID_2CF05D55C5C3586A01_1622697624 Label:SM_Shelf SpatiallyLoaded:1 Bounds:IsValid=true, Min=(X=5690.000 Y=-1139.997 Z=744.702), Max=(X=5890.000 Y=-1108.188 Z=769.996) RuntimeGrid:None EditorOnly:0 RuntimeOnly:0 HLODRelevant:1
 |   |   |- Guid:530D5D5440A8CDD249F494B7A026CC23 BaseClass: NativeClass:/Script/Engine.StaticMeshActor Name:StaticMeshActor_UAID_2CF05D55C5C3576A01_1509773409 Label:Floor_400x400 SpatiallyLoaded:1 Bounds:IsValid=true, Min=(X=5270.000 Y=-1160.000 Z=540.000), Max=(X=6153.000 Y=1229.000 Z=560.000) RuntimeGrid:None EditorOnly:0 RuntimeOnly:0 HLODRelevant:1
 |   |   |- Guid:5800EF894FCC70D5738A2495C95EFA78 BaseClass: NativeClass:/Script/Engine.StaticMeshActor Name:StaticMeshActor_UAID_2CF05D55C5C3586A01_1594898621 Label:SM_Lamp_Wall3 SpatiallyLoaded:1 Bounds:IsValid=true, Min=(X=6131.691 Y=-408.309 Z=759.952), Max=(X=6150.066 Y=-371.691 Z=789.370) RuntimeGrid:None EditorOnly:0 RuntimeOnly:0 HLODRelevant:1
 |   |   |- Guid:69B1C207422226646E5111A00F22AE61 BaseClass: NativeClass:/Script/Engine.StaticMeshActor Name:StaticMeshActor_UAID_2CF05D55C5C3576A01_1717337419 Label:Wall_Window_400x300 SpatiallyLoaded:1 Bounds:IsValid=true, Min=(X=5270.000 Y=330.000 Z=560.000), Max=(X=5290.000 Y=1218.001 Z=961.250) RuntimeGrid:None EditorOnly:0 RuntimeOnly:0 HLODRelevant:1
 |   |   |- Guid:6BAF4DDD444C60371492D3919DB42C97 BaseClass: NativeClass:/Script/Engine.WorldDataLayers Name:WorldDataLayers Label:WorldDataLayers SpatiallyLoaded:0 Bounds:IsValid=true, Min=(X=0.000 Y=0.000 Z=0.000), Max=(X=0.000 Y=0.000 Z=0.000) RuntimeGrid:None EditorOnly:0 RuntimeOnly:0 HLODRelevant:0
 |   |   |- Guid:6BC0177D4929C4629E21E7BD4431184C BaseClass: NativeClass:/Script/Engine.StaticMeshActor Name:StaticMeshActor_UAID_2CF05D55C5C3576A01_1783686421 Label:Wall_400x404 SpatiallyLoaded:1 Bounds:IsValid=true, Min=(X=5270.000 Y=10.000 Z=560.000), Max=(X=5290.000 Y=330.000 Z=960.000) RuntimeGrid:None EditorOnly:0 RuntimeOnly:0 HLODRelevant:1
 |   |   |- Guid:85926A7541A83E97BB3500AF0753B0E0 BaseClass: NativeClass:/Script/Engine.StaticMeshActor Name:StaticMeshActor_UAID_2CF05D55C5C3586A01_1257418616 Label:SM_Bush3 SpatiallyLoaded:1 Bounds:IsValid=true, Min=(X=3236.503 Y=3825.774 Z=557.898), Max=(X=3743.498 Y=4374.226 Z=1178.124) RuntimeGrid:None EditorOnly:0 RuntimeOnly:0 HLODRelevant:1
 |   |   |- Guid:962B77A04E143DDB099009B207BEA23B BaseClass: NativeClass:/Script/Engine.StaticMeshActor Name:StaticMeshActor_UAID_2CF05D55C5C3586A01_1303994619 Label:MaterialSphere SpatiallyLoaded:1 Bounds:IsValid=true, Min=(X=-5420.125 Y=-350.125 Z=409.875), Max=(X=-5079.875 Y=-9.875 Z=750.125) RuntimeGrid:None EditorOnly:0 RuntimeOnly:0 HLODRelevant:1
 |   |   |- Guid:A10B8AB047F231C14791DC83F8DFF29B BaseClass: NativeClass:/Script/Engine.StaticMeshActor Name:StaticMeshActor_UAID_2CF05D55C5C3576A01_2139163437 Label:SM_Chair SpatiallyLoaded:1 Bounds:IsValid=true, Min=(X=5729.549 Y=859.788 Z=560.000), Max=(X=5810.451 Y=941.944 Z=675.351) RuntimeGrid:None EditorOnly:0 RuntimeOnly:0 HLODRelevant:1
 |   |   |- Guid:A10FDC39473C194ADA4986904B0BA761 BaseClass: NativeClass:/Script/Landscape.Landscape Name:Landscape_UAID_2CF05D55C5C3326701_1587817732 Label:Landscape SpatiallyLoaded:0 Bounds:IsValid=true, Min=(X=-6300.000 Y=-6300.000 Z=100.000), Max=(X=-6300.000 Y=-6300.000 Z=100.000) RuntimeGrid:None EditorOnly:0 RuntimeOnly:0 HLODRelevant:0
 |   |   |- Guid:A39D33C8477470FCE2727BA699F70332 BaseClass: NativeClass:/Script/Engine.StaticMeshActor Name:StaticMeshActor_UAID_2CF05D55C5C3586A01_1583315620 Label:SM_Couch2 SpatiallyLoaded:1 Bounds:IsValid=true, Min=(X=6068.922 Y=-785.966 Z=560.096), Max=(X=6151.078 Y=-514.034 Z=675.447) RuntimeGrid:None EditorOnly:0 RuntimeOnly:0 HLODRelevant:1
 |   |   |- Guid:A5F5F8764978A35E1FE2DFBF5505F138 BaseClass: NativeClass:/Script/Engine.StaticMeshActor Name:StaticMeshActor_UAID_2CF05D55C5C3576A01_1980977432 Label:SM_CornerFrame SpatiallyLoaded:1 Bounds:IsValid=true, Min=(X=5930.000 Y=685.830 Z=556.349), Max=(X=6043.651 Y=814.170 Z=670.000) RuntimeGrid:None EditorOnly:0 RuntimeOnly:0 HLODRelevant:1
 |   |   |- Guid:AED9DF924A2D8B165666008E14C7A0B7 BaseClass: NativeClass:/Script/Landscape.LandscapeStreamingProxy Name:LandscapeStreamingProxy_07IY60FFKA4YN3TYH0HTTU4UW_254_0_0_0 Label:LandscapeStreamingProxy_0_0_0 SpatiallyLoaded:1 Bounds:IsValid=true, Min=(X=-6300.000 Y=-6300.000 Z=71.875), Max=(X=6400.000 Y=6400.000 Z=1271.875) RuntimeGrid:None EditorOnly:0 RuntimeOnly:0 HLODRelevant:1
 |   |   |- Guid:B785ED2844B84CFB91E7F39FE661CD99 BaseClass: NativeClass:/Script/Engine.DirectionalLight Name:DirectionalLight_0 Label:DirectionalLight SpatiallyLoaded:0 Bounds:IsValid=true, Min=(X=-4398046511104.000 Y=-4398046511104.000 Z=-4398046511104.000), Max=(X=4398046511104.000 Y=4398046511104.000 Z=4398046511104.000) RuntimeGrid:None EditorOnly:0 RuntimeOnly:0 HLODRelevant:0 FolderPath:Lighting FolderGuid:963EC3EB4002CCE9759E2EBA541A873A
 |   |   |- Guid:BF7396F34B3EC5779FC84C942F1C81E9 BaseClass: NativeClass:/Script/Engine.StaticMeshActor Name:StaticMeshActor_UAID_2CF05D55C5C3576A01_1846075425 Label:SM_Lamp_Wall SpatiallyLoaded:1 Bounds:IsValid=true, Min=(X=5289.934 Y=-408.309 Z=759.952), Max=(X=5308.309 Y=-371.691 Z=789.370) RuntimeGrid:None EditorOnly:0 RuntimeOnly:0 HLODRelevant:1
 |   |   |- Guid:C70112334136C6034442F89D8F855879 BaseClass: NativeClass:/Script/Engine.StaticMeshActor Name:StaticMeshActor_UAID_2CF05D55C5C3586A01_1219002614 Label:SM_Bush SpatiallyLoaded:1 Bounds:IsValid=true, Min=(X=3066.503 Y=-4034.226 Z=637.898), Max=(X=3573.498 Y=-3485.774 Z=1258.124) RuntimeGrid:None EditorOnly:0 RuntimeOnly:0 HLODRelevant:1
 |   |   |- Guid:CA345C9E4B599E0E74B5E1AD7F3D8B44 BaseClass: NativeClass:/Script/Engine.StaticMeshActor Name:StaticMeshActor_UAID_2CF05D55C5C3576A01_1894275428 Label:SM_Lamp_Wall2 SpatiallyLoaded:1 Bounds:IsValid=true, Min=(X=5289.934 Y=-888.309 Z=759.952), Max=(X=5308.309 Y=-851.691 Z=789.370) RuntimeGrid:None EditorOnly:0 RuntimeOnly:0 HLODRelevant:1
 |   |   |- Guid:CCFF262C46EEFFDF319E7F9539CE697E BaseClass: NativeClass:/Script/Engine.SkyAtmosphere Name:SkyAtmosphere_0 Label:SkyAtmosphere SpatiallyLoaded:0 Bounds:IsValid=true, Min=(X=0.000 Y=0.000 Z=1020.000), Max=(X=0.000 Y=0.000 Z=1020.000) RuntimeGrid:None EditorOnly:0 RuntimeOnly:0 HLODRelevant:0 FolderPath:Lighting FolderGuid:963EC3EB4002CCE9759E2EBA541A873A
 |   |   |- Guid:CE5DECA2417B5232CB7C1B98690616D0 BaseClass: NativeClass:/Script/Engine.StaticMeshActor Name:StaticMeshActor_UAID_2CF05D55C5C3576A01_1664343417 Label:Wall_Door_400x300 SpatiallyLoaded:1 Bounds:IsValid=true, Min=(X=5270.000 Y=-390.000 Z=560.000), Max=(X=5290.000 Y=10.000 Z=961.250) RuntimeGrid:None EditorOnly:0 RuntimeOnly:0 HLODRelevant:1
 |   |   |- Guid:D87E516F40AC52AC22A5E1A1259829B5 BaseClass: NativeClass:/Script/Engine.StaticMeshActor Name:StaticMeshActor_UAID_2CF05D55C5C3576A01_1916322430 Label:SM_Stairs SpatiallyLoaded:1 Bounds:IsValid=true, Min=(X=5156.039 Y=-329.500 Z=490.000), Max=(X=5274.286 Y=-50.500 Z=559.770) RuntimeGrid:None EditorOnly:0 RuntimeOnly:0 HLODRelevant:1
 |   |   |- Guid:E306994F41BB95C9E7800C9EB626925D BaseClass: NativeClass:/Script/Engine.StaticMeshActor Name:StaticMeshActor_UAID_2CF05D55C5C3576A01_2100238436 Label:SM_CornerFrame5 SpatiallyLoaded:1 Bounds:IsValid=true, Min=(X=5433.349 Y=685.830 Z=556.349), Max=(X=5547.000 Y=814.170 Z=670.000) RuntimeGrid:None EditorOnly:0 RuntimeOnly:0 HLODRelevant:1
 |   |   |- Guid:E9F326334766D90D89767388539CEE5E BaseClass: NativeClass:/Script/Engine.StaticMeshActor Name:StaticMeshActor_UAID_2CF05D55C5C3586A01_1616498623 Label:SM_TableRound SpatiallyLoaded:1 Bounds:IsValid=true, Min=(X=5908.459 Y=-981.541 Z=560.106), Max=(X=6031.540 Y=-858.459 Z=630.314) RuntimeGrid:None EditorOnly:0 RuntimeOnly:0 HLODRelevant:1
 |   |   |- Guid:EC4E0C944CE6AC6E784BC6BB2916EA13 BaseClass: NativeClass:/Script/Engine.StaticMeshActor Name:StaticMeshActor_UAID_A4AE111137DC5EFB00_1110535423 Label:SM_SkySphere SpatiallyLoaded:0 Bounds:IsValid=true, Min=(X=-1638400.000 Y=-1638400.000 Z=-1638400.000), Max=(X=1638400.000 Y=1638400.000 Z=1638400.000) RuntimeGrid:None EditorOnly:0 RuntimeOnly:0 HLODRelevant:1 FolderPath:Lighting FolderGuid:963EC3EB4002CCE9759E2EBA541A873A
 |   |   |- Guid:F50DD0594523D3107933A3A1A5824C09 BaseClass: NativeClass:/Script/Engine.StaticMeshActor Name:StaticMeshActor_UAID_2CF05D55C5C3576A01_2085363435 Label:SM_CornerFrame4 SpatiallyLoaded:1 Bounds:IsValid=true, Min=(X=5545.830 Y=690.000 Z=556.349), Max=(X=5674.170 Y=803.651 Z=670.000) RuntimeGrid:None EditorOnly:0 RuntimeOnly:0 HLODRelevant:1
 |   |   |- Guid:F55550784239EEF615F2F7A713CB6C29 BaseClass: NativeClass:/Script/Engine.StaticMeshActor Name:StaticMeshActor_UAID_2CF05D55C5C3576A01_2022399433 Label:SM_CornerFrame2 SpatiallyLoaded:1 Bounds:IsValid=true, Min=(X=5800.830 Y=690.000 Z=556.349), Max=(X=5929.170 Y=803.651 Z=670.000) RuntimeGrid:None EditorOnly:0 RuntimeOnly:0 HLODRelevant:1
 |   |   |- Guid:F5E3FEB3450C49844FD93DA8E083C8AD BaseClass: NativeClass:/Script/Engine.PostProcessVolume Name:PostProcessVolume_0 Label:PostProcessVolume SpatiallyLoaded:0 Bounds:IsValid=true, Min=(X=0.000 Y=0.000 Z=400.000), Max=(X=200.000 Y=200.000 Z=600.000) RuntimeGrid:None EditorOnly:0 RuntimeOnly:0 HLODRelevant:0 FolderPath:Lighting FolderGuid:963EC3EB4002CCE9759E2EBA541A873A
 |   |- [+] Clusters:
 |   |   |- [+] [  0]
 |   |   |   |- Guid:6BAF4DDD444C60371492D3919DB42C97 BaseClass: NativeClass:/Script/Engine.WorldDataLayers Name:WorldDataLayers Label:WorldDataLayers SpatiallyLoaded:0 Bounds:IsValid=true, Min=(X=0.000 Y=0.000 Z=0.000), Max=(X=0.000 Y=0.000 Z=0.000) RuntimeGrid:None EditorOnly:0 RuntimeOnly:0 HLODRelevant:0
 |   |   |- [+] [  1]
 |   |   |   |- Guid:F5E3FEB3450C49844FD93DA8E083C8AD BaseClass: NativeClass:/Script/Engine.PostProcessVolume Name:PostProcessVolume_0 Label:PostProcessVolume SpatiallyLoaded:0 Bounds:IsValid=true, Min=(X=0.000 Y=0.000 Z=400.000), Max=(X=200.000 Y=200.000 Z=600.000) RuntimeGrid:None EditorOnly:0 RuntimeOnly:0 HLODRelevant:0 FolderPath:Lighting FolderGuid:963EC3EB4002CCE9759E2EBA541A873A
 |   |   |- [+] [  2]
 |   |   |   |- Guid:4D3BE93F4146AAAC8BBE79999D96D57F BaseClass: NativeClass:/Script/Engine.VolumetricCloud Name:VolumetricCloud_0 Label:VolumetricCloud SpatiallyLoaded:0 Bounds:IsValid=true, Min=(X=0.000 Y=0.000 Z=820.000), Max=(X=0.000 Y=0.000 Z=820.000) RuntimeGrid:None EditorOnly:0 RuntimeOnly:0 HLODRelevant:0 FolderPath:Lighting FolderGuid:963EC3EB4002CCE9759E2EBA541A873A
 |   |   |- [+] [  3]
 |   |   |   |- Guid:CCFF262C46EEFFDF319E7F9539CE697E BaseClass: NativeClass:/Script/Engine.SkyAtmosphere Name:SkyAtmosphere_0 Label:SkyAtmosphere SpatiallyLoaded:0 Bounds:IsValid=true, Min=(X=0.000 Y=0.000 Z=1020.000), Max=(X=0.000 Y=0.000 Z=1020.000) RuntimeGrid:None EditorOnly:0 RuntimeOnly:0 HLODRelevant:0 FolderPath:Lighting FolderGuid:963EC3EB4002CCE9759E2EBA541A873A
 |   |   |- [+] [  4]
 |   |   |   |- Guid:EC4E0C944CE6AC6E784BC6BB2916EA13 BaseClass: NativeClass:/Script/Engine.StaticMeshActor Name:StaticMeshActor_UAID_A4AE111137DC5EFB00_1110535423 Label:SM_SkySphere SpatiallyLoaded:0 Bounds:IsValid=true, Min=(X=-1638400.000 Y=-1638400.000 Z=-1638400.000), Max=(X=1638400.000 Y=1638400.000 Z=1638400.000) RuntimeGrid:None EditorOnly:0 RuntimeOnly:0 HLODRelevant:1 FolderPath:Lighting FolderGuid:963EC3EB4002CCE9759E2EBA541A873A
 |   |   |- [+] [  5]
 |   |   |   |- Guid:B785ED2844B84CFB91E7F39FE661CD99 BaseClass: NativeClass:/Script/Engine.DirectionalLight Name:DirectionalLight_0 Label:DirectionalLight SpatiallyLoaded:0 Bounds:IsValid=true, Min=(X=-4398046511104.000 Y=-4398046511104.000 Z=-4398046511104.000), Max=(X=4398046511104.000 Y=4398046511104.000 Z=4398046511104.000) RuntimeGrid:None EditorOnly:0 RuntimeOnly:0 HLODRelevant:0 FolderPath:Lighting FolderGuid:963EC3EB4002CCE9759E2EBA541A873A
 |   |   |- [+] [  6]
 |   |   |   |- Guid:316CF2A6494ACA4C0E4180A87D36AB8F BaseClass: NativeClass:/Script/Engine.ExponentialHeightFog Name:ExponentialHeightFog_0 Label:ExponentialHeightFog SpatiallyLoaded:0 Bounds:IsValid=true, Min=(X=-5600.000 Y=-50.000 Z=-6850.000), Max=(X=-5600.000 Y=-50.000 Z=-6850.000) RuntimeGrid:None EditorOnly:0 RuntimeOnly:0 HLODRelevant:0 FolderPath:Lighting FolderGuid:963EC3EB4002CCE9759E2EBA541A873A
 |   |   |- [+] [  7]
 |   |   |   |- Guid:AED9DF924A2D8B165666008E14C7A0B7 BaseClass: NativeClass:/Script/Landscape.LandscapeStreamingProxy Name:LandscapeStreamingProxy_07IY60FFKA4YN3TYH0HTTU4UW_254_0_0_0 Label:LandscapeStreamingProxy_0_0_0 SpatiallyLoaded:1 Bounds:IsValid=true, Min=(X=-6300.000 Y=-6300.000 Z=71.875), Max=(X=6400.000 Y=6400.000 Z=1271.875) RuntimeGrid:None EditorOnly:0 RuntimeOnly:0 HLODRelevant:1
 |   |   |- [+] [  8]
 |   |   |   |- Guid:2FB58999456391D349DC0F86DAC136ED BaseClass: NativeClass:/Script/Engine.SkyLight Name:SkyLight_1 Label:SkyLight SpatiallyLoaded:0 Bounds:IsValid=true, Min=(X=0.000 Y=0.000 Z=690.000), Max=(X=0.000 Y=0.000 Z=690.000) RuntimeGrid:None EditorOnly:0 RuntimeOnly:0 HLODRelevant:0 FolderPath:Lighting FolderGuid:963EC3EB4002CCE9759E2EBA541A873A
 |   |   |- [+] [  9]
 |   |   |   |- Guid:3A00AA1C422CE54C0BDB60BAF471BFBB BaseClass: NativeClass:/Script/Engine.PlayerStart Name:PlayerStart_0 Label:PlayerStart SpatiallyLoaded:0 Bounds:IsValid=true, Min=(X=5700.000 Y=-750.000 Z=560.013), Max=(X=5780.000 Y=-670.000 Z=744.013) RuntimeGrid:None EditorOnly:0 RuntimeOnly:0 HLODRelevant:0
 |   |   |- [+] [ 10]
 |   |   |   |- Guid:A10FDC39473C194ADA4986904B0BA761 BaseClass: NativeClass:/Script/Landscape.Landscape Name:Landscape_UAID_2CF05D55C5C3326701_1587817732 Label:Landscape SpatiallyLoaded:0 Bounds:IsValid=true, Min=(X=-6300.000 Y=-6300.000 Z=100.000), Max=(X=-6300.000 Y=-6300.000 Z=100.000) RuntimeGrid:None EditorOnly:0 RuntimeOnly:0 HLODRelevant:0
 |   |   |- [+] [ 11]
 |   |   |   |- Guid:2E39B60042CDC43404252DB7DA1114F6 BaseClass: NativeClass:/Script/Engine.StaticMeshActor Name:StaticMeshActor_UAID_2CF05D55C5C3576A01_1467281408 Label:Wall_400x400 SpatiallyLoaded:1 Bounds:IsValid=true, Min=(X=6150.000 Y=-1160.000 Z=290.000), Max=(X=6170.000 Y=1228.000 Z=961.000) RuntimeGrid:None EditorOnly:0 RuntimeOnly:0 HLODRelevant:1
 |   |   |- [+] [ 12]
 |   |   |   |- Guid:530D5D5440A8CDD249F494B7A026CC23 BaseClass: NativeClass:/Script/Engine.StaticMeshActor Name:StaticMeshActor_UAID_2CF05D55C5C3576A01_1509773409 Label:Floor_400x400 SpatiallyLoaded:1 Bounds:IsValid=true, Min=(X=5270.000 Y=-1160.000 Z=540.000), Max=(X=6153.000 Y=1229.000 Z=560.000) RuntimeGrid:None EditorOnly:0 RuntimeOnly:0 HLODRelevant:1
 |   |   |- [+] [ 13]
 |   |   |   |- Guid:506CA00547DE5BD98BEAD98D69AE9B99 BaseClass: NativeClass:/Script/Engine.StaticMeshActor Name:StaticMeshActor_UAID_2CF05D55C5C3576A01_1558129411 Label:Wall_400x401 SpatiallyLoaded:1 Bounds:IsValid=true, Min=(X=5270.000 Y=-1160.000 Z=560.000), Max=(X=6151.000 Y=-1140.000 Z=960.000) RuntimeGrid:None EditorOnly:0 RuntimeOnly:0 HLODRelevant:1
 |   |   |- [+] [ 14]
 |   |   |   |- Guid:020B3CFB42E1C41DF3E403B141E01D76 BaseClass: NativeClass:/Script/Engine.StaticMeshActor Name:StaticMeshActor_UAID_2CF05D55C5C3576A01_1603432412 Label:Wall_400x402 SpatiallyLoaded:1 Bounds:IsValid=true, Min=(X=5270.000 Y=1210.000 Z=560.000), Max=(X=6151.000 Y=1230.000 Z=960.000) RuntimeGrid:None EditorOnly:0 RuntimeOnly:0 HLODRelevant:1
 |   |   |- [+] [ 15]
 |   |   |   |- Guid:CE5DECA2417B5232CB7C1B98690616D0 BaseClass: NativeClass:/Script/Engine.StaticMeshActor Name:StaticMeshActor_UAID_2CF05D55C5C3576A01_1664343417 Label:Wall_Door_400x300 SpatiallyLoaded:1 Bounds:IsValid=true, Min=(X=5270.000 Y=-390.000 Z=560.000), Max=(X=5290.000 Y=10.000 Z=961.250) RuntimeGrid:None EditorOnly:0 RuntimeOnly:0 HLODRelevant:1
 |   |   |- [+] [ 16]
 |   |   |   |- Guid:69B1C207422226646E5111A00F22AE61 BaseClass: NativeClass:/Script/Engine.StaticMeshActor Name:StaticMeshActor_UAID_2CF05D55C5C3576A01_1717337419 Label:Wall_Window_400x300 SpatiallyLoaded:1 Bounds:IsValid=true, Min=(X=5270.000 Y=330.000 Z=560.000), Max=(X=5290.000 Y=1218.001 Z=961.250) RuntimeGrid:None EditorOnly:0 RuntimeOnly:0 HLODRelevant:1
 |   |   |- [+] [ 17]
 |   |   |   |- Guid:22A96FFE4E8EB44B2637BD8B1F793947 BaseClass: NativeClass:/Script/Engine.StaticMeshActor Name:StaticMeshActor_UAID_2CF05D55C5C3576A01_1754467420 Label:Wall_400x403 SpatiallyLoaded:1 Bounds:IsValid=true, Min=(X=5270.000 Y=-1140.000 Z=560.000), Max=(X=5290.000 Y=-389.000 Z=960.000) RuntimeGrid:None EditorOnly:0 RuntimeOnly:0 HLODRelevant:1
 |   |   |- [+] [ 18]
 |   |   |   |- Guid:6BC0177D4929C4629E21E7BD4431184C BaseClass: NativeClass:/Script/Engine.StaticMeshActor Name:StaticMeshActor_UAID_2CF05D55C5C3576A01_1783686421 Label:Wall_400x404 SpatiallyLoaded:1 Bounds:IsValid=true, Min=(X=5270.000 Y=10.000 Z=560.000), Max=(X=5290.000 Y=330.000 Z=960.000) RuntimeGrid:None EditorOnly:0 RuntimeOnly:0 HLODRelevant:1
 |   |   |- [+] [ 19]
 |   |   |   |- Guid:BF7396F34B3EC5779FC84C942F1C81E9 BaseClass: NativeClass:/Script/Engine.StaticMeshActor Name:StaticMeshActor_UAID_2CF05D55C5C3576A01_1846075425 Label:SM_Lamp_Wall SpatiallyLoaded:1 Bounds:IsValid=true, Min=(X=5289.934 Y=-408.309 Z=759.952), Max=(X=5308.309 Y=-371.691 Z=789.370) RuntimeGrid:None EditorOnly:0 RuntimeOnly:0 HLODRelevant:1
 |   |   |- [+] [ 20]
 |   |   |   |- Guid:4587A8B74F01953AC8E0059659895C3B BaseClass: NativeClass:/Script/Engine.StaticMeshActor Name:StaticMeshActor_UAID_2CF05D55C5C3576A01_1858606426 Label:SM_Statue SpatiallyLoaded:1 Bounds:IsValid=true, Min=(X=5347.560 Y=-1062.440 Z=560.000), Max=(X=5492.440 Y=-917.560 Z=884.657) RuntimeGrid:None EditorOnly:0 RuntimeOnly:0 HLODRelevant:1
 |   |   |- [+] [ 21]
 |   |   |   |- Guid:36B0A187429A863C9BED369EC2985C9A BaseClass: NativeClass:/Script/Engine.StaticMeshActor Name:StaticMeshActor_UAID_2CF05D55C5C3576A01_1880588427 Label:SM_Couch SpatiallyLoaded:1 Bounds:IsValid=true, Min=(X=5298.922 Y=-785.966 Z=560.096), Max=(X=5381.078 Y=-514.034 Z=675.447) RuntimeGrid:None EditorOnly:0 RuntimeOnly:0 HLODRelevant:1
 |   |   |- [+] [ 22]
 |   |   |   |- Guid:CA345C9E4B599E0E74B5E1AD7F3D8B44 BaseClass: NativeClass:/Script/Engine.StaticMeshActor Name:StaticMeshActor_UAID_2CF05D55C5C3576A01_1894275428 Label:SM_Lamp_Wall2 SpatiallyLoaded:1 Bounds:IsValid=true, Min=(X=5289.934 Y=-888.309 Z=759.952), Max=(X=5308.309 Y=-851.691 Z=789.370) RuntimeGrid:None EditorOnly:0 RuntimeOnly:0 HLODRelevant:1
 |   |   |- [+] [ 23]
 |   |   |   |- Guid:D87E516F40AC52AC22A5E1A1259829B5 BaseClass: NativeClass:/Script/Engine.StaticMeshActor Name:StaticMeshActor_UAID_2CF05D55C5C3576A01_1916322430 Label:SM_Stairs SpatiallyLoaded:1 Bounds:IsValid=true, Min=(X=5156.039 Y=-329.500 Z=490.000), Max=(X=5274.286 Y=-50.500 Z=559.770) RuntimeGrid:None EditorOnly:0 RuntimeOnly:0 HLODRelevant:1
 |   |   |- [+] [ 24]
 |   |   |   |- Guid:A5F5F8764978A35E1FE2DFBF5505F138 BaseClass: NativeClass:/Script/Engine.StaticMeshActor Name:StaticMeshActor_UAID_2CF05D55C5C3576A01_1980977432 Label:SM_CornerFrame SpatiallyLoaded:1 Bounds:IsValid=true, Min=(X=5930.000 Y=685.830 Z=556.349), Max=(X=6043.651 Y=814.170 Z=670.000) RuntimeGrid:None EditorOnly:0 RuntimeOnly:0 HLODRelevant:1
 |   |   |- [+] [ 25]
 |   |   |   |- Guid:F55550784239EEF615F2F7A713CB6C29 BaseClass: NativeClass:/Script/Engine.StaticMeshActor Name:StaticMeshActor_UAID_2CF05D55C5C3576A01_2022399433 Label:SM_CornerFrame2 SpatiallyLoaded:1 Bounds:IsValid=true, Min=(X=5800.830 Y=690.000 Z=556.349), Max=(X=5929.170 Y=803.651 Z=670.000) RuntimeGrid:None EditorOnly:0 RuntimeOnly:0 HLODRelevant:1
 |   |   |- [+] [ 26]
 |   |   |   |- Guid:1BEB386A44E285CA6652EC89D58B2AA8 BaseClass: NativeClass:/Script/Engine.StaticMeshActor Name:StaticMeshActor_UAID_2CF05D55C5C3576A01_2067855434 Label:SM_CornerFrame3 SpatiallyLoaded:1 Bounds:IsValid=true, Min=(X=5672.830 Y=690.000 Z=556.349), Max=(X=5801.170 Y=803.651 Z=670.000) RuntimeGrid:None EditorOnly:0 RuntimeOnly:0 HLODRelevant:1
 |   |   |- [+] [ 27]
 |   |   |   |- Guid:F50DD0594523D3107933A3A1A5824C09 BaseClass: NativeClass:/Script/Engine.StaticMeshActor Name:StaticMeshActor_UAID_2CF05D55C5C3576A01_2085363435 Label:SM_CornerFrame4 SpatiallyLoaded:1 Bounds:IsValid=true, Min=(X=5545.830 Y=690.000 Z=556.349), Max=(X=5674.170 Y=803.651 Z=670.000) RuntimeGrid:None EditorOnly:0 RuntimeOnly:0 HLODRelevant:1
 |   |   |- [+] [ 28]
 |   |   |   |- Guid:E306994F41BB95C9E7800C9EB626925D BaseClass: NativeClass:/Script/Engine.StaticMeshActor Name:StaticMeshActor_UAID_2CF05D55C5C3576A01_2100238436 Label:SM_CornerFrame5 SpatiallyLoaded:1 Bounds:IsValid=true, Min=(X=5433.349 Y=685.830 Z=556.349), Max=(X=5547.000 Y=814.170 Z=670.000) RuntimeGrid:None EditorOnly:0 RuntimeOnly:0 HLODRelevant:1
 |   |   |- [+] [ 29]
 |   |   |   |- Guid:A10B8AB047F231C14791DC83F8DFF29B BaseClass: NativeClass:/Script/Engine.StaticMeshActor Name:StaticMeshActor_UAID_2CF05D55C5C3576A01_2139163437 Label:SM_Chair SpatiallyLoaded:1 Bounds:IsValid=true, Min=(X=5729.549 Y=859.788 Z=560.000), Max=(X=5810.451 Y=941.944 Z=675.351) RuntimeGrid:None EditorOnly:0 RuntimeOnly:0 HLODRelevant:1
 |   |   |- [+] [ 30]
 |   |   |   |- Guid:C70112334136C6034442F89D8F855879 BaseClass: NativeClass:/Script/Engine.StaticMeshActor Name:StaticMeshActor_UAID_2CF05D55C5C3586A01_1219002614 Label:SM_Bush SpatiallyLoaded:1 Bounds:IsValid=true, Min=(X=3066.503 Y=-4034.226 Z=637.898), Max=(X=3573.498 Y=-3485.774 Z=1258.124) RuntimeGrid:None EditorOnly:0 RuntimeOnly:0 HLODRelevant:1
 |   |   |- [+] [ 31]
 |   |   |   |- Guid:23CC158E493612719DE2CCA7985B54C8 BaseClass: NativeClass:/Script/Engine.StaticMeshActor Name:StaticMeshActor_UAID_2CF05D55C5C3586A01_1243720615 Label:SM_Bush2 SpatiallyLoaded:1 Bounds:IsValid=true, Min=(X=376.503 Y=-5354.226 Z=637.898), Max=(X=883.498 Y=-4805.774 Z=1258.124) RuntimeGrid:None EditorOnly:0 RuntimeOnly:0 HLODRelevant:1
 |   |   |- [+] [ 32]
 |   |   |   |- Guid:85926A7541A83E97BB3500AF0753B0E0 BaseClass: NativeClass:/Script/Engine.StaticMeshActor Name:StaticMeshActor_UAID_2CF05D55C5C3586A01_1257418616 Label:SM_Bush3 SpatiallyLoaded:1 Bounds:IsValid=true, Min=(X=3236.503 Y=3825.774 Z=557.898), Max=(X=3743.498 Y=4374.226 Z=1178.124) RuntimeGrid:None EditorOnly:0 RuntimeOnly:0 HLODRelevant:1
 |   |   |- [+] [ 33]
 |   |   |   |- Guid:21D13AFA4E5B96F91515B690EC16E176 BaseClass: NativeClass:/Script/Engine.StaticMeshActor Name:StaticMeshActor_UAID_2CF05D55C5C3586A01_1261886617 Label:SM_Bush4 SpatiallyLoaded:1 Bounds:IsValid=true, Min=(X=1956.503 Y=785.774 Z=517.898), Max=(X=2463.498 Y=1334.226 Z=1138.124) RuntimeGrid:None EditorOnly:0 RuntimeOnly:0 HLODRelevant:1
 |   |   |- [+] [ 34]
 |   |   |   |- Guid:962B77A04E143DDB099009B207BEA23B BaseClass: NativeClass:/Script/Engine.StaticMeshActor Name:StaticMeshActor_UAID_2CF05D55C5C3586A01_1303994619 Label:MaterialSphere SpatiallyLoaded:1 Bounds:IsValid=true, Min=(X=-5420.125 Y=-350.125 Z=409.875), Max=(X=-5079.875 Y=-9.875 Z=750.125) RuntimeGrid:None EditorOnly:0 RuntimeOnly:0 HLODRelevant:1
 |   |   |- [+] [ 35]
 |   |   |   |- Guid:A39D33C8477470FCE2727BA699F70332 BaseClass: NativeClass:/Script/Engine.StaticMeshActor Name:StaticMeshActor_UAID_2CF05D55C5C3586A01_1583315620 Label:SM_Couch2 SpatiallyLoaded:1 Bounds:IsValid=true, Min=(X=6068.922 Y=-785.966 Z=560.096), Max=(X=6151.078 Y=-514.034 Z=675.447) RuntimeGrid:None EditorOnly:0 RuntimeOnly:0 HLODRelevant:1
 |   |   |- [+] [ 36]
 |   |   |   |- Guid:5800EF894FCC70D5738A2495C95EFA78 BaseClass: NativeClass:/Script/Engine.StaticMeshActor Name:StaticMeshActor_UAID_2CF05D55C5C3586A01_1594898621 Label:SM_Lamp_Wall3 SpatiallyLoaded:1 Bounds:IsValid=true, Min=(X=6131.691 Y=-408.309 Z=759.952), Max=(X=6150.066 Y=-371.691 Z=789.370) RuntimeGrid:None EditorOnly:0 RuntimeOnly:0 HLODRelevant:1
 |   |   |- [+] [ 37]
 |   |   |   |- Guid:303AE55640027E9D3B2254A79D06A3BE BaseClass: NativeClass:/Script/Engine.StaticMeshActor Name:StaticMeshActor_UAID_2CF05D55C5C3586A01_1594900622 Label:SM_Lamp_Wall4 SpatiallyLoaded:1 Bounds:IsValid=true, Min=(X=6131.691 Y=-888.309 Z=759.952), Max=(X=6150.066 Y=-851.691 Z=789.370) RuntimeGrid:None EditorOnly:0 RuntimeOnly:0 HLODRelevant:1
 |   |   |- [+] [ 38]
 |   |   |   |- Guid:E9F326334766D90D89767388539CEE5E BaseClass: NativeClass:/Script/Engine.StaticMeshActor Name:StaticMeshActor_UAID_2CF05D55C5C3586A01_1616498623 Label:SM_TableRound SpatiallyLoaded:1 Bounds:IsValid=true, Min=(X=5908.459 Y=-981.541 Z=560.106), Max=(X=6031.540 Y=-858.459 Z=630.314) RuntimeGrid:None EditorOnly:0 RuntimeOnly:0 HLODRelevant:1
 |   |   |- [+] [ 39]
 |   |   |   |- Guid:511422404769BD39B052C5B718027064 BaseClass: NativeClass:/Script/Engine.StaticMeshActor Name:StaticMeshActor_UAID_2CF05D55C5C3586A01_1622697624 Label:SM_Shelf SpatiallyLoaded:1 Bounds:IsValid=true, Min=(X=5690.000 Y=-1139.997 Z=744.702), Max=(X=5890.000 Y=-1108.188 Z=769.996) RuntimeGrid:None EditorOnly:0 RuntimeOnly:0 HLODRelevant:1
 |- ContainerInstances:
 |- [+] MainContainer:
 |   |-        ID: 0x0000000000000000
 |   |-    Bounds: IsValid=false, Min=(X=0.000 Y=0.000 Z=0.000), Max=(X=0.000 Y=0.000 Z=0.000)
 |   |- Transform: 0.000000,0.000000,0.000000|0.000000,0.000000,-0.000000|1.000000,1.000000,1.000000
 |   |- Container: /Game/ThirdPerson/Maps/ThirdPersonMap
----------------------------------------------------------------------------------------------------------------
ThirdPersonMap - Persistent Level
----------------------------------------------------------------------------------------------------------------
Always loaded Actor Count: 49 

----------------------------------------------------------------------------------------------------------------
ThirdPersonMap - Runtime Spatial Hash - Streaming Grid - MainGrid
----------------------------------------------------------------------------------------------------------------
            Origin: X=0.000 Y=0.000 Z=0.000
         Cell Size: 12800
      World Bounds: IsValid=false, Min=(X=0.000 Y=0.000 Z=0.000), Max=(X=0.000 Y=0.000 Z=0.000)
     Loading Range: 25600.00
Block Slow Loading: No
 ClientOnlyVisible: No

[+] Grid Levels: 1
 |- Level  0: Cell Count    0 | Cell Size   12800 | Actor Count    0 (0.0%)

[+] Content of Grid Level 0

