[+] Containers:
 |- [+] Container: /Game/ThirdPerson/Maps/ThirdPersonMap
 |   |- [+] ActorDescs:
 |   |   |- Guid:020B3CFB42E1C41DF3E403B141E01D76 BaseClass: NativeClass:/Script/Engine.StaticMeshActor Name:StaticMeshActor_UAID_2CF05D55C5C3576A01_1603432412 Label:Wall_400x402 SpatiallyLoaded:1 Bounds:IsValid=true, Min=(X=5270.000 Y=1210.000 Z=560.000), Max=(X=6151.000 Y=1230.000 Z=960.000) RuntimeGrid:None EditorOnly:0 RuntimeOnly:0 HLODRelevant:1
 |   |   |- Guid:04945D6A4802E7B205E418AB71A68AD2 BaseClass: NativeClass:/Script/Engine.StaticMeshActor Name:StaticMeshActor_UAID_2CF05D55C5C3596A01_1614059813 Label:Shape_Pipe_92 SpatiallyLoaded:1 Bounds:IsValid=true, Min=(X=2679.961 Y=3544.473 Z=380.000), Max=(X=3310.000 Y=4174.512 Z=680.000) RuntimeGrid:None EditorOnly:0 RuntimeOnly:0 HLODRelevant:1
 |   |   |- Guid:1BEB386A44E285CA6652EC89D58B2AA8 BaseClass: NativeClass:/Script/Engine.StaticMeshActor Name:StaticMeshActor_UAID_2CF05D55C5C3576A01_2067855434 Label:SM_CornerFrame3 SpatiallyLoaded:1 Bounds:IsValid=true, Min=(X=5672.830 Y=690.000 Z=556.349), Max=(X=5801.170 Y=803.651 Z=670.000) RuntimeGrid:None EditorOnly:0 RuntimeOnly:0 HLODRelevant:1
 |   |   |- Guid:22A96FFE4E8EB44B2637BD8B1F793947 BaseClass: NativeClass:/Script/Engine.StaticMeshActor Name:StaticMeshActor_UAID_2CF05D55C5C3576A01_1754467420 Label:Wall_400x403 SpatiallyLoaded:1 Bounds:IsValid=true, Min=(X=5270.000 Y=-1140.000 Z=560.000), Max=(X=5290.000 Y=-389.000 Z=960.000) RuntimeGrid:None EditorOnly:0 RuntimeOnly:0 HLODRelevant:1
 |   |   |- Guid:260E99DE458CF8E89F926C9570ADE093 BaseClass: NativeClass:/Script/Engine.StaticMeshActor Name:StaticMeshActor_UAID_2CF05D55C5C3596A01_1614060814 Label:Shape_Pipe_93 SpatiallyLoaded:1 Bounds:IsValid=true, Min=(X=3738.605 Y=4280.000 Z=620.000), Max=(X=4269.013 Y=4810.409 Z=920.000) RuntimeGrid:None EditorOnly:0 RuntimeOnly:0 HLODRelevant:1
 |   |   |- Guid:2D27802C4E8BB6B7989A249230EF76F3 BaseClass: NativeClass:/Script/Engine.StaticMeshActor Name:StaticMeshActor_UAID_2CF05D55C5C3586A01_1716446627 Label:SM_AssetPlatform SpatiallyLoaded:1 Bounds:IsValid=true, Min=(X=5943.000 Y=713.000 Z=669.981), Max=(X=6017.000 Y=787.000 Z=673.700) RuntimeGrid:None EditorOnly:0 RuntimeOnly:0 HLODRelevant:1
 |   |   |- Guid:2D7E3FA141DC175BB6A91E963843CD92 BaseClass: NativeClass:/Script/Engine.StaticMeshActor Name:StaticMeshActor_UAID_2CF05D55C5C35F6A01_1856626853 Label:LOW2 SpatiallyLoaded:1 Bounds:IsValid=true, Min=(X=311.024 Y=-5584.257 Z=503.795), Max=(X=1295.812 Y=-4717.048 Z=1576.967) RuntimeGrid:None EditorOnly:0 RuntimeOnly:0 HLODRelevant:1
 |   |   |- Guid:2E39B60042CDC43404252DB7DA1114F6 BaseClass: NativeClass:/Script/Engine.StaticMeshActor Name:StaticMeshActor_UAID_2CF05D55C5C3576A01_1467281408 Label:Wall_400x400 SpatiallyLoaded:1 Bounds:IsValid=true, Min=(X=6150.000 Y=-1160.000 Z=290.000), Max=(X=6170.000 Y=1228.000 Z=961.000) RuntimeGrid:None EditorOnly:0 RuntimeOnly:0 HLODRelevant:1
 |   |   |- Guid:2FB58999456391D349DC0F86DAC136ED BaseClass: NativeClass:/Script/Engine.SkyLight Name:SkyLight_1 Label:SkyLight SpatiallyLoaded:0 Bounds:IsValid=true, Min=(X=0.000 Y=0.000 Z=1020.000), Max=(X=0.000 Y=0.000 Z=1020.000) RuntimeGrid:None EditorOnly:0 RuntimeOnly:0 HLODRelevant:0 FolderPath:Lighting FolderGuid:963EC3EB4002CCE9759E2EBA541A873A
 |   |   |- Guid:303AE55640027E9D3B2254A79D06A3BE BaseClass: NativeClass:/Script/Engine.StaticMeshActor Name:StaticMeshActor_UAID_2CF05D55C5C3586A01_1594900622 Label:SM_Lamp_Wall4 SpatiallyLoaded:1 Bounds:IsValid=true, Min=(X=6131.691 Y=-888.309 Z=759.952), Max=(X=6150.066 Y=-851.691 Z=789.370) RuntimeGrid:None EditorOnly:0 RuntimeOnly:0 HLODRelevant:1
 |   |   |- Guid:316CF2A6494ACA4C0E4180A87D36AB8F BaseClass: NativeClass:/Script/Engine.ExponentialHeightFog Name:ExponentialHeightFog_0 Label:ExponentialHeightFog SpatiallyLoaded:0 Bounds:IsValid=true, Min=(X=-5600.000 Y=-50.000 Z=-2910.000), Max=(X=-5600.000 Y=-50.000 Z=-2910.000) RuntimeGrid:None EditorOnly:0 RuntimeOnly:0 HLODRelevant:0 FolderPath:Lighting FolderGuid:963EC3EB4002CCE9759E2EBA541A873A
 |   |   |- Guid:33A167974254BB3B4BA7408527E4D6D4 BaseClass: NativeClass:/Script/Engine.StaticMeshActor Name:StaticMeshActor_UAID_2CF05D55C5C35F6A01_1411628832 Label:SILLAHJA SpatiallyLoaded:1 Bounds:IsValid=true, Min=(X=2478.067 Y=-1361.345 Z=539.624), Max=(X=2621.927 Y=-1084.381 Z=670.505) RuntimeGrid:None EditorOnly:0 RuntimeOnly:0 HLODRelevant:1
 |   |   |- Guid:36B0A187429A863C9BED369EC2985C9A BaseClass: NativeClass:/Script/Engine.StaticMeshActor Name:StaticMeshActor_UAID_2CF05D55C5C3576A01_1880588427 Label:SM_Couch SpatiallyLoaded:1 Bounds:IsValid=true, Min=(X=5298.922 Y=-785.966 Z=560.096), Max=(X=5381.078 Y=-514.034 Z=675.447) RuntimeGrid:None EditorOnly:0 RuntimeOnly:0 HLODRelevant:1
 |   |   |- Guid:3A00AA1C422CE54C0BDB60BAF471BFBB BaseClass: NativeClass:/Script/Engine.PlayerStart Name:PlayerStart_0 Label:PlayerStart SpatiallyLoaded:0 Bounds:IsValid=true, Min=(X=5700.000 Y=-750.000 Z=560.013), Max=(X=5780.000 Y=-670.000 Z=744.013) RuntimeGrid:None EditorOnly:0 RuntimeOnly:0 HLODRelevant:0
 |   |   |- Guid:3C7F94584DF5FB92731353BBD4CB4BA2 BaseClass: NativeClass:/Script/Engine.StaticMeshActor Name:StaticMeshActor_UAID_2CF05D55C5C35F6A01_1607012843 Label:LOW_3 SpatiallyLoaded:1 Bounds:IsValid=true, Min=(X=3569.191 Y=-1103.772 Z=475.307), Max=(X=4244.698 Y=-397.288 Z=1196.113) RuntimeGrid:None EditorOnly:0 RuntimeOnly:0 HLODRelevant:1
 |   |   |- Guid:3DA620B645F9B3E44679A7859329A2B7 BaseClass: NativeClass:/Script/Engine.StaticMeshActor Name:StaticMeshActor_UAID_2CF05D55C5C35F6A01_1653510845 Label:LOW_5 SpatiallyLoaded:1 Bounds:IsValid=true, Min=(X=3515.404 Y=2122.351 Z=475.307), Max=(X=4135.727 Y=2674.025 Z=1196.113) RuntimeGrid:None EditorOnly:0 RuntimeOnly:0 HLODRelevant:1
 |   |   |- Guid:4587A8B74F01953AC8E0059659895C3B BaseClass: NativeClass:/Script/Engine.StaticMeshActor Name:StaticMeshActor_UAID_2CF05D55C5C3576A01_1858606426 Label:SM_Statue SpatiallyLoaded:1 Bounds:IsValid=true, Min=(X=5347.560 Y=-1062.440 Z=560.000), Max=(X=5492.440 Y=-917.560 Z=884.657) RuntimeGrid:None EditorOnly:0 RuntimeOnly:0 HLODRelevant:1
 |   |   |- Guid:4AA41E374C78CEA1DC6D828CDC077004 BaseClass: NativeClass:/Script/Engine.StaticMeshActor Name:StaticMeshActor_UAID_2CF05D55C5C35F6A01_1123905824 Label:CASATRONCO SpatiallyLoaded:1 Bounds:IsValid=true, Min=(X=-437.842 Y=-3674.451 Z=505.918), Max=(X=953.640 Y=-2820.770 Z=1567.172) RuntimeGrid:None EditorOnly:0 RuntimeOnly:0 HLODRelevant:1
 |   |   |- Guid:4D3BE93F4146AAAC8BBE79999D96D57F BaseClass: NativeClass:/Script/Engine.VolumetricCloud Name:VolumetricCloud_0 Label:VolumetricCloud SpatiallyLoaded:0 Bounds:IsValid=true, Min=(X=0.000 Y=0.000 Z=820.000), Max=(X=0.000 Y=0.000 Z=820.000) RuntimeGrid:None EditorOnly:0 RuntimeOnly:0 HLODRelevant:0 FolderPath:Lighting FolderGuid:963EC3EB4002CCE9759E2EBA541A873A
 |   |   |- Guid:506CA00547DE5BD98BEAD98D69AE9B99 BaseClass: NativeClass:/Script/Engine.StaticMeshActor Name:StaticMeshActor_UAID_2CF05D55C5C3576A01_1558129411 Label:Wall_400x401 SpatiallyLoaded:1 Bounds:IsValid=true, Min=(X=5270.000 Y=-1160.000 Z=560.000), Max=(X=6151.000 Y=-1140.000 Z=960.000) RuntimeGrid:None EditorOnly:0 RuntimeOnly:0 HLODRelevant:1
 |   |   |- Guid:511422404769BD39B052C5B718027064 BaseClass: NativeClass:/Script/Engine.StaticMeshActor Name:StaticMeshActor_UAID_2CF05D55C5C3586A01_1622697624 Label:SM_Shelf SpatiallyLoaded:1 Bounds:IsValid=true, Min=(X=5690.000 Y=-1139.997 Z=744.702), Max=(X=5890.000 Y=-1108.188 Z=769.996) RuntimeGrid:None EditorOnly:0 RuntimeOnly:0 HLODRelevant:1
 |   |   |- Guid:530D5D5440A8CDD249F494B7A026CC23 BaseClass: NativeClass:/Script/Engine.StaticMeshActor Name:StaticMeshActor_UAID_2CF05D55C5C3576A01_1509773409 Label:Floor_400x400 SpatiallyLoaded:1 Bounds:IsValid=true, Min=(X=5270.000 Y=-1160.000 Z=540.000), Max=(X=6153.000 Y=1229.000 Z=560.000) RuntimeGrid:None EditorOnly:0 RuntimeOnly:0 HLODRelevant:1
 |   |   |- Guid:5370ACC34FBE181BA8289881E669480F BaseClass: NativeClass:/Script/Engine.StaticMeshActor Name:StaticMeshActor_UAID_2CF05D55C5C35F6A01_1371367831 Label:PROTA_LOW_POLY SpatiallyLoaded:1 Bounds:IsValid=true, Min=(X=1737.929 Y=-1418.728 Z=395.881), Max=(X=1922.091 Y=-1325.440 Z=599.279) RuntimeGrid:None EditorOnly:0 RuntimeOnly:0 HLODRelevant:1
 |   |   |- Guid:56154DD64D2E257D193D88AAB3D86B12 BaseClass: NativeClass:/Script/Engine.StaticMeshActor Name:StaticMeshActor_UAID_2CF05D55C5C35F6A01_1904685855 Label:LOW4 SpatiallyLoaded:1 Bounds:IsValid=true, Min=(X=3107.048 Y=3671.024 Z=413.795), Max=(X=3974.257 Y=4655.812 Z=1486.967) RuntimeGrid:None EditorOnly:0 RuntimeOnly:0 HLODRelevant:1
 |   |   |- Guid:5800EF894FCC70D5738A2495C95EFA78 BaseClass: NativeClass:/Script/Engine.StaticMeshActor Name:StaticMeshActor_UAID_2CF05D55C5C3586A01_1594898621 Label:SM_Lamp_Wall3 SpatiallyLoaded:1 Bounds:IsValid=true, Min=(X=6131.691 Y=-408.309 Z=759.952), Max=(X=6150.066 Y=-371.691 Z=789.370) RuntimeGrid:None EditorOnly:0 RuntimeOnly:0 HLODRelevant:1
 |   |   |- Guid:5C78FF194892DF381DE30C84EB2EB827 BaseClass: NativeClass:/Script/Engine.StaticMeshActor Name:StaticMeshActor_UAID_2CF05D55C5C3596A01_1527607806 Label:Shape_Cube2 SpatiallyLoaded:1 Bounds:IsValid=true, Min=(X=-1188.750 Y=-4012.750 Z=630.000), Max=(X=-1091.250 Y=-3027.250 Z=930.000) RuntimeGrid:None EditorOnly:0 RuntimeOnly:0 HLODRelevant:1
 |   |   |- Guid:5F535F6F48A1339C319757A8054F38EC BaseClass: NativeClass:/Script/Engine.StaticMeshActor Name:StaticMeshActor_UAID_2CF05D55C5C35F6A01_1670632846 Label:LOW_6 SpatiallyLoaded:1 Bounds:IsValid=true, Min=(X=1036.228 Y=2545.302 Z=475.307), Max=(X=1742.712 Y=3220.809 Z=1196.113) RuntimeGrid:None EditorOnly:0 RuntimeOnly:0 HLODRelevant:1
 |   |   |- Guid:69B1C207422226646E5111A00F22AE61 BaseClass: NativeClass:/Script/Engine.StaticMeshActor Name:StaticMeshActor_UAID_2CF05D55C5C3576A01_1717337419 Label:Wall_Window_400x300 SpatiallyLoaded:1 Bounds:IsValid=true, Min=(X=5270.000 Y=330.000 Z=560.000), Max=(X=5290.000 Y=1218.001 Z=961.250) RuntimeGrid:None EditorOnly:0 RuntimeOnly:0 HLODRelevant:1
 |   |   |- Guid:6BAF4DDD444C60371492D3919DB42C97 BaseClass: NativeClass:/Script/Engine.WorldDataLayers Name:WorldDataLayers Label:WorldDataLayers SpatiallyLoaded:0 Bounds:IsValid=true, Min=(X=0.000 Y=0.000 Z=0.000), Max=(X=0.000 Y=0.000 Z=0.000) RuntimeGrid:None EditorOnly:0 RuntimeOnly:0 HLODRelevant:0
 |   |   |- Guid:6BC0177D4929C4629E21E7BD4431184C BaseClass: NativeClass:/Script/Engine.StaticMeshActor Name:StaticMeshActor_UAID_2CF05D55C5C3576A01_1783686421 Label:Wall_400x404 SpatiallyLoaded:1 Bounds:IsValid=true, Min=(X=5270.000 Y=10.000 Z=560.000), Max=(X=5290.000 Y=330.000 Z=960.000) RuntimeGrid:None EditorOnly:0 RuntimeOnly:0 HLODRelevant:1
 |   |   |- Guid:6D2C59E545FF372506DF208B0014E7D1 BaseClass: NativeClass:/Script/Engine.StaticMeshActor Name:StaticMeshActor_UAID_2CF05D55C5C35F6A01_1333644830 Label:LOW_ SpatiallyLoaded:1 Bounds:IsValid=true, Min=(X=2334.229 Y=-2817.899 Z=385.307), Max=(X=2954.551 Y=-2266.226 Z=1106.113) RuntimeGrid:None EditorOnly:0 RuntimeOnly:0 HLODRelevant:1
 |   |   |- Guid:730A61794F3AA986BE2FBD9EA1255AB8 BaseClass: NativeClass:/Script/Engine.StaticMeshActor Name:StaticMeshActor_UAID_2CF05D55C5C3596A01_1618630816 Label:Shape_Pipe_95 SpatiallyLoaded:1 Bounds:IsValid=true, Min=(X=868.605 Y=-4970.000 Z=620.000), Max=(X=1399.013 Y=-4439.591 Z=920.000) RuntimeGrid:None EditorOnly:0 RuntimeOnly:0 HLODRelevant:1
 |   |   |- Guid:737C30CF439CDD3614F2C69CF6F0C5D8 BaseClass: NativeClass:/Script/Engine.StaticMeshActor Name:StaticMeshActor_UAID_2CF05D55C5C35F6A01_1724656847 Label:LOW_7 SpatiallyLoaded:1 Bounds:IsValid=true, Min=(X=-1192.585 Y=2545.522 Z=335.307), Max=(X=-486.100 Y=3221.029 Z=1056.113) RuntimeGrid:None EditorOnly:0 RuntimeOnly:0 HLODRelevant:1
 |   |   |- Guid:83E4BFD34D89FF3739B4FE94631EA345 BaseClass: NativeClass:/Script/Engine.StaticMeshActor Name:StaticMeshActor_UAID_2CF05D55C5C35F6A01_1446765833 Label:SILLAHOJA2 SpatiallyLoaded:1 Bounds:IsValid=true, Min=(X=2819.591 Y=-1207.290 Z=519.643), Max=(X=2960.428 Y=-1023.584 Z=802.954) RuntimeGrid:None EditorOnly:0 RuntimeOnly:0 HLODRelevant:1
 |   |   |- Guid:962B77A04E143DDB099009B207BEA23B BaseClass: NativeClass:/Script/Engine.StaticMeshActor Name:StaticMeshActor_UAID_2CF05D55C5C3586A01_1303994619 Label:MaterialSphere SpatiallyLoaded:1 Bounds:IsValid=true, Min=(X=-5420.125 Y=-350.125 Z=409.875), Max=(X=-5079.875 Y=-9.875 Z=750.125) RuntimeGrid:None EditorOnly:0 RuntimeOnly:0 HLODRelevant:1
 |   |   |- Guid:A0FFBCCE42E8A2F01C5C90B6A711672F BaseClass: NativeClass:/Script/Engine.StaticMeshActor Name:StaticMeshActor_UAID_2CF05D55C5C35F6A01_1744885851 Label:LOW_11 SpatiallyLoaded:1 Bounds:IsValid=true, Min=(X=-1042.239 Y=-5585.018 Z=235.307), Max=(X=-324.374 Y=-4877.585 Z=956.113) RuntimeGrid:None EditorOnly:0 RuntimeOnly:0 HLODRelevant:1
 |   |   |- Guid:A10B8AB047F231C14791DC83F8DFF29B BaseClass: NativeClass:/Script/Engine.StaticMeshActor Name:StaticMeshActor_UAID_2CF05D55C5C3576A01_2139163437 Label:SM_Chair SpatiallyLoaded:1 Bounds:IsValid=true, Min=(X=5689.549 Y=859.788 Z=560.000), Max=(X=5770.451 Y=941.944 Z=675.351) RuntimeGrid:None EditorOnly:0 RuntimeOnly:0 HLODRelevant:1
 |   |   |- Guid:A10FDC39473C194ADA4986904B0BA761 BaseClass: NativeClass:/Script/Landscape.Landscape Name:Landscape_UAID_2CF05D55C5C3326701_1587817732 Label:Landscape SpatiallyLoaded:0 Bounds:IsValid=true, Min=(X=-6300.000 Y=-6300.000 Z=100.000), Max=(X=-6300.000 Y=-6300.000 Z=100.000) RuntimeGrid:None EditorOnly:0 RuntimeOnly:0 HLODRelevant:0
 |   |   |- Guid:A39D33C8477470FCE2727BA699F70332 BaseClass: NativeClass:/Script/Engine.StaticMeshActor Name:StaticMeshActor_UAID_2CF05D55C5C3586A01_1583315620 Label:SM_Couch2 SpatiallyLoaded:1 Bounds:IsValid=true, Min=(X=6068.922 Y=-785.966 Z=560.096), Max=(X=6151.078 Y=-514.034 Z=675.447) RuntimeGrid:None EditorOnly:0 RuntimeOnly:0 HLODRelevant:1
 |   |   |- Guid:A5F5F8764978A35E1FE2DFBF5505F138 BaseClass: NativeClass:/Script/Engine.StaticMeshActor Name:StaticMeshActor_UAID_2CF05D55C5C3576A01_1980977432 Label:SM_CornerFrame SpatiallyLoaded:1 Bounds:IsValid=true, Min=(X=5930.000 Y=685.830 Z=556.349), Max=(X=6043.651 Y=814.170 Z=670.000) RuntimeGrid:None EditorOnly:0 RuntimeOnly:0 HLODRelevant:1
 |   |   |- Guid:AD2BE6814B800F482C25C7A4AC100699 BaseClass: NativeClass:/Script/Engine.StaticMeshActor Name:StaticMeshActor_UAID_2CF05D55C5C3596A01_1628382818 Label:Shape_Pipe_97 SpatiallyLoaded:1 Bounds:IsValid=true, Min=(X=3103.943 Y=-3620.000 Z=620.000), Max=(X=3662.668 Y=-3061.275 Z=920.000) RuntimeGrid:None EditorOnly:0 RuntimeOnly:0 HLODRelevant:1
 |   |   |- Guid:AED9DF924A2D8B165666008E14C7A0B7 BaseClass: NativeClass:/Script/Landscape.LandscapeStreamingProxy Name:LandscapeStreamingProxy_07IY60FFKA4YN3TYH0HTTU4UW_254_0_0_0 Label:LandscapeStreamingProxy_0_0_0 SpatiallyLoaded:1 Bounds:IsValid=true, Min=(X=-6300.000 Y=-6300.000 Z=71.875), Max=(X=6400.000 Y=6400.000 Z=1271.875) RuntimeGrid:None EditorOnly:0 RuntimeOnly:0 HLODRelevant:1
 |   |   |- Guid:B4D850A141DBFF7CF52A388FCCC18F0C BaseClass: NativeClass:/Script/Engine.StaticMeshActor Name:StaticMeshActor_UAID_2CF05D55C5C3596A01_1569520811 Label:Shape_Pipe_90 SpatiallyLoaded:1 Bounds:IsValid=true, Min=(X=1409.961 Y=444.473 Z=380.000), Max=(X=2040.000 Y=1074.512 Z=680.000) RuntimeGrid:None EditorOnly:0 RuntimeOnly:0 HLODRelevant:1
 |   |   |- Guid:B785ED2844B84CFB91E7F39FE661CD99 BaseClass: NativeClass:/Script/Engine.DirectionalLight Name:DirectionalLight_0 Label:DirectionalLight SpatiallyLoaded:0 Bounds:IsValid=true, Min=(X=-4398046511104.000 Y=-4398046511104.000 Z=-4398046511104.000), Max=(X=4398046511104.000 Y=4398046511104.000 Z=4398046511104.000) RuntimeGrid:None EditorOnly:0 RuntimeOnly:0 HLODRelevant:0 FolderPath:Lighting FolderGuid:963EC3EB4002CCE9759E2EBA541A873A
 |   |   |- Guid:B786A46442D602C4C268B3A7A9AC294E BaseClass: NativeClass:/Script/Engine.StaticMeshActor Name:StaticMeshActor_UAID_2CF05D55C5C35F6A01_1508972838 Label:Mushroom_model_pCylinder1 SpatiallyLoaded:1 Bounds:IsValid=true, Min=(X=-220.005 Y=-2124.167 Z=605.147), Max=(X=596.659 Y=-1307.502 Z=1809.916) RuntimeGrid:None EditorOnly:0 RuntimeOnly:0 HLODRelevant:1
 |   |   |- Guid:BBC68F71462C1D1175038CAD9CE559A8 BaseClass: NativeClass:/Script/Engine.StaticMeshActor Name:StaticMeshActor_UAID_2CF05D55C5C3586A01_1695452626 Label:SM_Lamp_Ceiling2 SpatiallyLoaded:1 Bounds:IsValid=true, Min=(X=5378.000 Y=1088.000 Z=560.007), Max=(X=5422.000 Y=1132.000 Z=693.538) RuntimeGrid:None EditorOnly:0 RuntimeOnly:0 HLODRelevant:1
 |   |   |- Guid:BF7396F34B3EC5779FC84C942F1C81E9 BaseClass: NativeClass:/Script/Engine.StaticMeshActor Name:StaticMeshActor_UAID_2CF05D55C5C3576A01_1846075425 Label:SM_Lamp_Wall SpatiallyLoaded:1 Bounds:IsValid=true, Min=(X=5289.934 Y=-408.309 Z=759.952), Max=(X=5308.309 Y=-371.691 Z=789.370) RuntimeGrid:None EditorOnly:0 RuntimeOnly:0 HLODRelevant:1
 |   |   |- Guid:C2BF149E4CD5C8CA803DBFAA75D9154D BaseClass: NativeClass:/Script/Engine.StaticMeshActor Name:StaticMeshActor_UAID_2CF05D55C5C3596A01_1600143812 Label:Shape_Pipe_91 SpatiallyLoaded:1 Bounds:IsValid=true, Min=(X=2468.605 Y=1180.000 Z=620.000), Max=(X=2999.013 Y=1710.409 Z=920.000) RuntimeGrid:None EditorOnly:0 RuntimeOnly:0 HLODRelevant:1
 |   |   |- Guid:C3C8EF9F484BF6555F0B81A786D851F1 BaseClass: NativeClass:/Script/Engine.StaticMeshActor Name:StaticMeshActor_UAID_2CF05D55C5C35F6A01_1508955837 Label:Mushroom_model_pasted__pCylinder1group2 SpatiallyLoaded:1 Bounds:IsValid=true, Min=(X=311.009 Y=-1982.541 Z=608.573), Max=(X=708.281 Y=-1583.299 Z=1201.263) RuntimeGrid:None EditorOnly:0 RuntimeOnly:0 HLODRelevant:1
 |   |   |- Guid:C3FC8A9B41FEBB57B881D684CCD19C88 BaseClass: NativeClass:/Script/Engine.StaticMeshActor Name:StaticMeshActor_UAID_2CF05D55C5C35F6A01_1508938836 Label:Mushroom_model_pasted__pasted__pCylinder1pasted__group2group3 SpatiallyLoaded:1 Bounds:IsValid=true, Min=(X=-392.631 Y=-2049.289 Z=601.472), Max=(X=106.601 Y=-1543.905 Z=1348.639) RuntimeGrid:None EditorOnly:0 RuntimeOnly:0 HLODRelevant:1
 |   |   |- Guid:C50FC6EA485A33AB86D1729A01277367 BaseClass: NativeClass:/Script/Engine.StaticMeshActor Name:StaticMeshActor_UAID_2CF05D55C5C35F6A01_1624858844 Label:LOW_4 SpatiallyLoaded:1 Bounds:IsValid=true, Min=(X=817.390 Y=-285.790 Z=415.307), Max=(X=1524.824 Y=432.075 Z=1136.113) RuntimeGrid:None EditorOnly:0 RuntimeOnly:0 HLODRelevant:1
 |   |   |- Guid:CA345C9E4B599E0E74B5E1AD7F3D8B44 BaseClass: NativeClass:/Script/Engine.StaticMeshActor Name:StaticMeshActor_UAID_2CF05D55C5C3576A01_1894275428 Label:SM_Lamp_Wall2 SpatiallyLoaded:1 Bounds:IsValid=true, Min=(X=5289.934 Y=-888.309 Z=759.952), Max=(X=5308.309 Y=-851.691 Z=789.370) RuntimeGrid:None EditorOnly:0 RuntimeOnly:0 HLODRelevant:1
 |   |   |- Guid:CBA32BE4497DA5F9BEC9AFBE13B4DDD8 BaseClass: NativeClass:/Script/Engine.StaticMeshActor Name:StaticMeshActor_UAID_2CF05D55C5C35F6A01_1738427850 Label:LOW_10 SpatiallyLoaded:1 Bounds:IsValid=true, Min=(X=-3912.415 Y=-4582.239 Z=395.307), Max=(X=-3204.982 Y=-3864.374 Z=1116.113) RuntimeGrid:None EditorOnly:0 RuntimeOnly:0 HLODRelevant:1
 |   |   |- Guid:CCFF262C46EEFFDF319E7F9539CE697E BaseClass: NativeClass:/Script/Engine.SkyAtmosphere Name:SkyAtmosphere_0 Label:SkyAtmosphere SpatiallyLoaded:0 Bounds:IsValid=true, Min=(X=0.000 Y=0.000 Z=990.000), Max=(X=0.000 Y=0.000 Z=990.000) RuntimeGrid:None EditorOnly:0 RuntimeOnly:0 HLODRelevant:0 FolderPath:Lighting FolderGuid:963EC3EB4002CCE9759E2EBA541A873A
 |   |   |- Guid:CE5DECA2417B5232CB7C1B98690616D0 BaseClass: NativeClass:/Script/Engine.StaticMeshActor Name:StaticMeshActor_UAID_2CF05D55C5C3576A01_1664343417 Label:Wall_Door_400x300 SpatiallyLoaded:1 Bounds:IsValid=true, Min=(X=5270.000 Y=-390.000 Z=560.000), Max=(X=5290.000 Y=10.000 Z=961.250) RuntimeGrid:None EditorOnly:0 RuntimeOnly:0 HLODRelevant:1
 |   |   |- Guid:D74609074BA8144A61993FAEB47268C9 BaseClass: NativeClass:/Script/Engine.StaticMeshActor Name:StaticMeshActor_UAID_2CF05D55C5C3596A01_1628380817 Label:Shape_Pipe_96 SpatiallyLoaded:1 Bounds:IsValid=true, Min=(X=3778.598 Y=-4440.415 Z=750.000), Max=(X=4309.013 Y=-3910.000 Z=1050.000) RuntimeGrid:None EditorOnly:0 RuntimeOnly:0 HLODRelevant:1
 |   |   |- Guid:D87E516F40AC52AC22A5E1A1259829B5 BaseClass: NativeClass:/Script/Engine.StaticMeshActor Name:StaticMeshActor_UAID_2CF05D55C5C3576A01_1916322430 Label:SM_Stairs SpatiallyLoaded:1 Bounds:IsValid=true, Min=(X=5156.039 Y=-329.500 Z=490.000), Max=(X=5274.286 Y=-50.500 Z=559.770) RuntimeGrid:None EditorOnly:0 RuntimeOnly:0 HLODRelevant:1
 |   |   |- Guid:DB8F6A514AED2CDD4A90C891E400501F BaseClass: NativeClass:/Script/Engine.StaticMeshActor Name:StaticMeshActor_UAID_2CF05D55C5C35F6A01_1735895849 Label:LOW_9 SpatiallyLoaded:1 Bounds:IsValid=true, Min=(X=-5518.150 Y=845.145 Z=365.307), Max=(X=-4844.512 Y=1468.200 Z=1086.113) RuntimeGrid:None EditorOnly:0 RuntimeOnly:0 HLODRelevant:1
 |   |   |- Guid:DDAAE41C41D40A2785941F8EEC843CE4 BaseClass: NativeClass:/Script/Engine.StaticMeshActor Name:StaticMeshActor_UAID_2CF05D55C5C3586A01_1729633628 Label:SM_AssetPlatform2 SpatiallyLoaded:1 Bounds:IsValid=true, Min=(X=5463.000 Y=713.000 Z=669.981), Max=(X=5537.000 Y=787.000 Z=673.700) RuntimeGrid:None EditorOnly:0 RuntimeOnly:0 HLODRelevant:1
 |   |   |- Guid:E306994F41BB95C9E7800C9EB626925D BaseClass: NativeClass:/Script/Engine.StaticMeshActor Name:StaticMeshActor_UAID_2CF05D55C5C3576A01_2100238436 Label:SM_CornerFrame5 SpatiallyLoaded:1 Bounds:IsValid=true, Min=(X=5433.349 Y=685.830 Z=556.349), Max=(X=5547.000 Y=814.170 Z=670.000) RuntimeGrid:None EditorOnly:0 RuntimeOnly:0 HLODRelevant:1
 |   |   |- Guid:E9F326334766D90D89767388539CEE5E BaseClass: NativeClass:/Script/Engine.StaticMeshActor Name:StaticMeshActor_UAID_2CF05D55C5C3586A01_1616498623 Label:SM_TableRound SpatiallyLoaded:1 Bounds:IsValid=true, Min=(X=5908.459 Y=-981.541 Z=560.106), Max=(X=6031.540 Y=-858.459 Z=630.314) RuntimeGrid:None EditorOnly:0 RuntimeOnly:0 HLODRelevant:1
 |   |   |- Guid:EC4E0C944CE6AC6E784BC6BB2916EA13 BaseClass: NativeClass:/Script/Engine.StaticMeshActor Name:StaticMeshActor_UAID_A4AE111137DC5EFB00_1110535423 Label:SM_SkySphere SpatiallyLoaded:0 Bounds:IsValid=true, Min=(X=-1638400.000 Y=-1638400.000 Z=-1638400.000), Max=(X=1638400.000 Y=1638400.000 Z=1638400.000) RuntimeGrid:None EditorOnly:0 RuntimeOnly:0 HLODRelevant:1 FolderPath:Lighting FolderGuid:963EC3EB4002CCE9759E2EBA541A873A
 |   |   |- Guid:ED52A8EF4136AB427F0E1783DECB85E6 BaseClass: NativeClass:/Script/Engine.StaticMeshActor Name:StaticMeshActor_UAID_2CF05D55C5C3596A01_1618628815 Label:Shape_Pipe_94 SpatiallyLoaded:1 Bounds:IsValid=true, Min=(X=-190.039 Y=-5705.527 Z=380.000), Max=(X=440.000 Y=-5075.488 Z=680.000) RuntimeGrid:None EditorOnly:0 RuntimeOnly:0 HLODRelevant:1
 |   |   |- Guid:F0A809F441176B8A2A882797CE3C29C6 BaseClass: NativeClass:/Script/Engine.StaticMeshActor Name:StaticMeshActor_UAID_2CF05D55C5C35F6A01_1584337842 Label:LOW_2 SpatiallyLoaded:1 Bounds:IsValid=true, Min=(X=2231.937 Y=-4798.439 Z=535.307), Max=(X=2905.575 Y=-4175.384 Z=1256.113) RuntimeGrid:None EditorOnly:0 RuntimeOnly:0 HLODRelevant:1
 |   |   |- Guid:F26491B24C1FEA401B5BF1827A9D898F BaseClass: NativeClass:/Script/Engine.StaticMeshActor Name:StaticMeshActor_UAID_2CF05D55C5C35F6A01_1733930848 Label:LOW_8 SpatiallyLoaded:1 Bounds:IsValid=true, Min=(X=-3433.900 Y=308.971 Z=345.307), Max=(X=-2727.415 Y=984.478 Z=1066.113) RuntimeGrid:None EditorOnly:0 RuntimeOnly:0 HLODRelevant:1
 |   |   |- Guid:F50DD0594523D3107933A3A1A5824C09 BaseClass: NativeClass:/Script/Engine.StaticMeshActor Name:StaticMeshActor_UAID_2CF05D55C5C3576A01_2085363435 Label:SM_CornerFrame4 SpatiallyLoaded:1 Bounds:IsValid=true, Min=(X=5545.830 Y=690.000 Z=556.349), Max=(X=5674.170 Y=803.651 Z=670.000) RuntimeGrid:None EditorOnly:0 RuntimeOnly:0 HLODRelevant:1
 |   |   |- Guid:F55550784239EEF615F2F7A713CB6C29 BaseClass: NativeClass:/Script/Engine.StaticMeshActor Name:StaticMeshActor_UAID_2CF05D55C5C3576A01_2022399433 Label:SM_CornerFrame2 SpatiallyLoaded:1 Bounds:IsValid=true, Min=(X=5800.830 Y=690.000 Z=556.349), Max=(X=5929.170 Y=803.651 Z=670.000) RuntimeGrid:None EditorOnly:0 RuntimeOnly:0 HLODRelevant:1
 |   |   |- Guid:F5E3FEB3450C49844FD93DA8E083C8AD BaseClass: NativeClass:/Script/Engine.PostProcessVolume Name:PostProcessVolume_0 Label:PostProcessVolume SpatiallyLoaded:0 Bounds:IsValid=true, Min=(X=-7049.500 Y=-7049.500 Z=-6219.500), Max=(X=7249.500 Y=7249.500 Z=8079.500) RuntimeGrid:None EditorOnly:0 RuntimeOnly:0 HLODRelevant:0 FolderPath:Lighting FolderGuid:963EC3EB4002CCE9759E2EBA541A873A
 |   |   |- Guid:F6B4E2444A6E12700A6B2A97851AFA51 BaseClass: NativeClass:/Script/Engine.StaticMeshActor Name:StaticMeshActor_UAID_2CF05D55C5C3586A01_1661959625 Label:SM_Lamp_Ceiling SpatiallyLoaded:1 Bounds:IsValid=true, Min=(X=6018.000 Y=1088.000 Z=560.007), Max=(X=6062.000 Y=1132.000 Z=693.538) RuntimeGrid:None EditorOnly:0 RuntimeOnly:0 HLODRelevant:1
 |   |   |- Guid:FAE63A5E47DEC0B5FFBC5991D2695B6D BaseClass: NativeClass:/Script/Engine.StaticMeshActor Name:StaticMeshActor_UAID_2CF05D55C5C35F6A01_1880595854 Label:LOW3 SpatiallyLoaded:1 Bounds:IsValid=true, Min=(X=1664.369 Y=539.691 Z=413.795), Max=(X=2782.813 Y=1605.079 Z=1486.967) RuntimeGrid:None EditorOnly:0 RuntimeOnly:0 HLODRelevant:1
 |   |   |- Guid:FC9540A8476FC7428116A89D15F63704 BaseClass: NativeClass:/Script/Engine.StaticMeshActor Name:StaticMeshActor_UAID_2CF05D55C5C35F6A01_1278394829 Label:LOW SpatiallyLoaded:1 Bounds:IsValid=true, Min=(X=3275.743 Y=-4325.812 Z=583.795), Max=(X=4142.952 Y=-3341.024 Z=1656.967) RuntimeGrid:None EditorOnly:0 RuntimeOnly:0 HLODRelevant:1
 |   |   |- Guid:FFF533F94DB43D5373ABF29400162F0C BaseClass: NativeClass:/Script/Engine.StaticMeshActor Name:StaticMeshActor_UAID_2CF05D55C5C35F6A01_1536605839 Label:CASATRONCO2 SpatiallyLoaded:1 Bounds:IsValid=true, Min=(X=1064.050 Y=-2398.695 Z=341.377), Max=(X=2528.253 Y=-1196.762 Z=1196.446) RuntimeGrid:None EditorOnly:0 RuntimeOnly:0 HLODRelevant:1
 |   |- [+] Clusters:
 |   |   |- [+] [  0]
 |   |   |   |- Guid:2E39B60042CDC43404252DB7DA1114F6 BaseClass: NativeClass:/Script/Engine.StaticMeshActor Name:StaticMeshActor_UAID_2CF05D55C5C3576A01_1467281408 Label:Wall_400x400 SpatiallyLoaded:1 Bounds:IsValid=true, Min=(X=6150.000 Y=-1160.000 Z=290.000), Max=(X=6170.000 Y=1228.000 Z=961.000) RuntimeGrid:None EditorOnly:0 RuntimeOnly:0 HLODRelevant:1
 |   |   |- [+] [  1]
 |   |   |   |- Guid:E9F326334766D90D89767388539CEE5E BaseClass: NativeClass:/Script/Engine.StaticMeshActor Name:StaticMeshActor_UAID_2CF05D55C5C3586A01_1616498623 Label:SM_TableRound SpatiallyLoaded:1 Bounds:IsValid=true, Min=(X=5908.459 Y=-981.541 Z=560.106), Max=(X=6031.540 Y=-858.459 Z=630.314) RuntimeGrid:None EditorOnly:0 RuntimeOnly:0 HLODRelevant:1
 |   |   |- [+] [  2]
 |   |   |   |- Guid:6BAF4DDD444C60371492D3919DB42C97 BaseClass: NativeClass:/Script/Engine.WorldDataLayers Name:WorldDataLayers Label:WorldDataLayers SpatiallyLoaded:0 Bounds:IsValid=true, Min=(X=0.000 Y=0.000 Z=0.000), Max=(X=0.000 Y=0.000 Z=0.000) RuntimeGrid:None EditorOnly:0 RuntimeOnly:0 HLODRelevant:0
 |   |   |- [+] [  3]
 |   |   |   |- Guid:22A96FFE4E8EB44B2637BD8B1F793947 BaseClass: NativeClass:/Script/Engine.StaticMeshActor Name:StaticMeshActor_UAID_2CF05D55C5C3576A01_1754467420 Label:Wall_400x403 SpatiallyLoaded:1 Bounds:IsValid=true, Min=(X=5270.000 Y=-1140.000 Z=560.000), Max=(X=5290.000 Y=-389.000 Z=960.000) RuntimeGrid:None EditorOnly:0 RuntimeOnly:0 HLODRelevant:1
 |   |   |- [+] [  4]
 |   |   |   |- Guid:730A61794F3AA986BE2FBD9EA1255AB8 BaseClass: NativeClass:/Script/Engine.StaticMeshActor Name:StaticMeshActor_UAID_2CF05D55C5C3596A01_1618630816 Label:Shape_Pipe_95 SpatiallyLoaded:1 Bounds:IsValid=true, Min=(X=868.605 Y=-4970.000 Z=620.000), Max=(X=1399.013 Y=-4439.591 Z=920.000) RuntimeGrid:None EditorOnly:0 RuntimeOnly:0 HLODRelevant:1
 |   |   |- [+] [  5]
 |   |   |   |- Guid:D74609074BA8144A61993FAEB47268C9 BaseClass: NativeClass:/Script/Engine.StaticMeshActor Name:StaticMeshActor_UAID_2CF05D55C5C3596A01_1628380817 Label:Shape_Pipe_96 SpatiallyLoaded:1 Bounds:IsValid=true, Min=(X=3778.598 Y=-4440.415 Z=750.000), Max=(X=4309.013 Y=-3910.000 Z=1050.000) RuntimeGrid:None EditorOnly:0 RuntimeOnly:0 HLODRelevant:1
 |   |   |- [+] [  6]
 |   |   |   |- Guid:F5E3FEB3450C49844FD93DA8E083C8AD BaseClass: NativeClass:/Script/Engine.PostProcessVolume Name:PostProcessVolume_0 Label:PostProcessVolume SpatiallyLoaded:0 Bounds:IsValid=true, Min=(X=-7049.500 Y=-7049.500 Z=-6219.500), Max=(X=7249.500 Y=7249.500 Z=8079.500) RuntimeGrid:None EditorOnly:0 RuntimeOnly:0 HLODRelevant:0 FolderPath:Lighting FolderGuid:963EC3EB4002CCE9759E2EBA541A873A
 |   |   |- [+] [  7]
 |   |   |   |- Guid:CA345C9E4B599E0E74B5E1AD7F3D8B44 BaseClass: NativeClass:/Script/Engine.StaticMeshActor Name:StaticMeshActor_UAID_2CF05D55C5C3576A01_1894275428 Label:SM_Lamp_Wall2 SpatiallyLoaded:1 Bounds:IsValid=true, Min=(X=5289.934 Y=-888.309 Z=759.952), Max=(X=5308.309 Y=-851.691 Z=789.370) RuntimeGrid:None EditorOnly:0 RuntimeOnly:0 HLODRelevant:1
 |   |   |- [+] [  8]
 |   |   |   |- Guid:69B1C207422226646E5111A00F22AE61 BaseClass: NativeClass:/Script/Engine.StaticMeshActor Name:StaticMeshActor_UAID_2CF05D55C5C3576A01_1717337419 Label:Wall_Window_400x300 SpatiallyLoaded:1 Bounds:IsValid=true, Min=(X=5270.000 Y=330.000 Z=560.000), Max=(X=5290.000 Y=1218.001 Z=961.250) RuntimeGrid:None EditorOnly:0 RuntimeOnly:0 HLODRelevant:1
 |   |   |- [+] [  9]
 |   |   |   |- Guid:020B3CFB42E1C41DF3E403B141E01D76 BaseClass: NativeClass:/Script/Engine.StaticMeshActor Name:StaticMeshActor_UAID_2CF05D55C5C3576A01_1603432412 Label:Wall_400x402 SpatiallyLoaded:1 Bounds:IsValid=true, Min=(X=5270.000 Y=1210.000 Z=560.000), Max=(X=6151.000 Y=1230.000 Z=960.000) RuntimeGrid:None EditorOnly:0 RuntimeOnly:0 HLODRelevant:1
 |   |   |- [+] [ 10]
 |   |   |   |- Guid:56154DD64D2E257D193D88AAB3D86B12 BaseClass: NativeClass:/Script/Engine.StaticMeshActor Name:StaticMeshActor_UAID_2CF05D55C5C35F6A01_1904685855 Label:LOW4 SpatiallyLoaded:1 Bounds:IsValid=true, Min=(X=3107.048 Y=3671.024 Z=413.795), Max=(X=3974.257 Y=4655.812 Z=1486.967) RuntimeGrid:None EditorOnly:0 RuntimeOnly:0 HLODRelevant:1
 |   |   |- [+] [ 11]
 |   |   |   |- Guid:C2BF149E4CD5C8CA803DBFAA75D9154D BaseClass: NativeClass:/Script/Engine.StaticMeshActor Name:StaticMeshActor_UAID_2CF05D55C5C3596A01_1600143812 Label:Shape_Pipe_91 SpatiallyLoaded:1 Bounds:IsValid=true, Min=(X=2468.605 Y=1180.000 Z=620.000), Max=(X=2999.013 Y=1710.409 Z=920.000) RuntimeGrid:None EditorOnly:0 RuntimeOnly:0 HLODRelevant:1
 |   |   |- [+] [ 12]
 |   |   |   |- Guid:4D3BE93F4146AAAC8BBE79999D96D57F BaseClass: NativeClass:/Script/Engine.VolumetricCloud Name:VolumetricCloud_0 Label:VolumetricCloud SpatiallyLoaded:0 Bounds:IsValid=true, Min=(X=0.000 Y=0.000 Z=820.000), Max=(X=0.000 Y=0.000 Z=820.000) RuntimeGrid:None EditorOnly:0 RuntimeOnly:0 HLODRelevant:0 FolderPath:Lighting FolderGuid:963EC3EB4002CCE9759E2EBA541A873A
 |   |   |- [+] [ 13]
 |   |   |   |- Guid:CCFF262C46EEFFDF319E7F9539CE697E BaseClass: NativeClass:/Script/Engine.SkyAtmosphere Name:SkyAtmosphere_0 Label:SkyAtmosphere SpatiallyLoaded:0 Bounds:IsValid=true, Min=(X=0.000 Y=0.000 Z=990.000), Max=(X=0.000 Y=0.000 Z=990.000) RuntimeGrid:None EditorOnly:0 RuntimeOnly:0 HLODRelevant:0 FolderPath:Lighting FolderGuid:963EC3EB4002CCE9759E2EBA541A873A
 |   |   |- [+] [ 14]
 |   |   |   |- Guid:6BC0177D4929C4629E21E7BD4431184C BaseClass: NativeClass:/Script/Engine.StaticMeshActor Name:StaticMeshActor_UAID_2CF05D55C5C3576A01_1783686421 Label:Wall_400x404 SpatiallyLoaded:1 Bounds:IsValid=true, Min=(X=5270.000 Y=10.000 Z=560.000), Max=(X=5290.000 Y=330.000 Z=960.000) RuntimeGrid:None EditorOnly:0 RuntimeOnly:0 HLODRelevant:1
 |   |   |- [+] [ 15]
 |   |   |   |- Guid:EC4E0C944CE6AC6E784BC6BB2916EA13 BaseClass: NativeClass:/Script/Engine.StaticMeshActor Name:StaticMeshActor_UAID_A4AE111137DC5EFB00_1110535423 Label:SM_SkySphere SpatiallyLoaded:0 Bounds:IsValid=true, Min=(X=-1638400.000 Y=-1638400.000 Z=-1638400.000), Max=(X=1638400.000 Y=1638400.000 Z=1638400.000) RuntimeGrid:None EditorOnly:0 RuntimeOnly:0 HLODRelevant:1 FolderPath:Lighting FolderGuid:963EC3EB4002CCE9759E2EBA541A873A
 |   |   |- [+] [ 16]
 |   |   |   |- Guid:04945D6A4802E7B205E418AB71A68AD2 BaseClass: NativeClass:/Script/Engine.StaticMeshActor Name:StaticMeshActor_UAID_2CF05D55C5C3596A01_1614059813 Label:Shape_Pipe_92 SpatiallyLoaded:1 Bounds:IsValid=true, Min=(X=2679.961 Y=3544.473 Z=380.000), Max=(X=3310.000 Y=4174.512 Z=680.000) RuntimeGrid:None EditorOnly:0 RuntimeOnly:0 HLODRelevant:1
 |   |   |- [+] [ 17]
 |   |   |   |- Guid:B785ED2844B84CFB91E7F39FE661CD99 BaseClass: NativeClass:/Script/Engine.DirectionalLight Name:DirectionalLight_0 Label:DirectionalLight SpatiallyLoaded:0 Bounds:IsValid=true, Min=(X=-4398046511104.000 Y=-4398046511104.000 Z=-4398046511104.000), Max=(X=4398046511104.000 Y=4398046511104.000 Z=4398046511104.000) RuntimeGrid:None EditorOnly:0 RuntimeOnly:0 HLODRelevant:0 FolderPath:Lighting FolderGuid:963EC3EB4002CCE9759E2EBA541A873A
 |   |   |- [+] [ 18]
 |   |   |   |- Guid:A39D33C8477470FCE2727BA699F70332 BaseClass: NativeClass:/Script/Engine.StaticMeshActor Name:StaticMeshActor_UAID_2CF05D55C5C3586A01_1583315620 Label:SM_Couch2 SpatiallyLoaded:1 Bounds:IsValid=true, Min=(X=6068.922 Y=-785.966 Z=560.096), Max=(X=6151.078 Y=-514.034 Z=675.447) RuntimeGrid:None EditorOnly:0 RuntimeOnly:0 HLODRelevant:1
 |   |   |- [+] [ 19]
 |   |   |   |- Guid:5800EF894FCC70D5738A2495C95EFA78 BaseClass: NativeClass:/Script/Engine.StaticMeshActor Name:StaticMeshActor_UAID_2CF05D55C5C3586A01_1594898621 Label:SM_Lamp_Wall3 SpatiallyLoaded:1 Bounds:IsValid=true, Min=(X=6131.691 Y=-408.309 Z=759.952), Max=(X=6150.066 Y=-371.691 Z=789.370) RuntimeGrid:None EditorOnly:0 RuntimeOnly:0 HLODRelevant:1
 |   |   |- [+] [ 20]
 |   |   |   |- Guid:E306994F41BB95C9E7800C9EB626925D BaseClass: NativeClass:/Script/Engine.StaticMeshActor Name:StaticMeshActor_UAID_2CF05D55C5C3576A01_2100238436 Label:SM_CornerFrame5 SpatiallyLoaded:1 Bounds:IsValid=true, Min=(X=5433.349 Y=685.830 Z=556.349), Max=(X=5547.000 Y=814.170 Z=670.000) RuntimeGrid:None EditorOnly:0 RuntimeOnly:0 HLODRelevant:1
 |   |   |- [+] [ 21]
 |   |   |   |- Guid:316CF2A6494ACA4C0E4180A87D36AB8F BaseClass: NativeClass:/Script/Engine.ExponentialHeightFog Name:ExponentialHeightFog_0 Label:ExponentialHeightFog SpatiallyLoaded:0 Bounds:IsValid=true, Min=(X=-5600.000 Y=-50.000 Z=-2910.000), Max=(X=-5600.000 Y=-50.000 Z=-2910.000) RuntimeGrid:None EditorOnly:0 RuntimeOnly:0 HLODRelevant:0 FolderPath:Lighting FolderGuid:963EC3EB4002CCE9759E2EBA541A873A
 |   |   |- [+] [ 22]
 |   |   |   |- Guid:530D5D5440A8CDD249F494B7A026CC23 BaseClass: NativeClass:/Script/Engine.StaticMeshActor Name:StaticMeshActor_UAID_2CF05D55C5C3576A01_1509773409 Label:Floor_400x400 SpatiallyLoaded:1 Bounds:IsValid=true, Min=(X=5270.000 Y=-1160.000 Z=540.000), Max=(X=6153.000 Y=1229.000 Z=560.000) RuntimeGrid:None EditorOnly:0 RuntimeOnly:0 HLODRelevant:1
 |   |   |- [+] [ 23]
 |   |   |   |- Guid:36B0A187429A863C9BED369EC2985C9A BaseClass: NativeClass:/Script/Engine.StaticMeshActor Name:StaticMeshActor_UAID_2CF05D55C5C3576A01_1880588427 Label:SM_Couch SpatiallyLoaded:1 Bounds:IsValid=true, Min=(X=5298.922 Y=-785.966 Z=560.096), Max=(X=5381.078 Y=-514.034 Z=675.447) RuntimeGrid:None EditorOnly:0 RuntimeOnly:0 HLODRelevant:1
 |   |   |- [+] [ 24]
 |   |   |   |- Guid:AED9DF924A2D8B165666008E14C7A0B7 BaseClass: NativeClass:/Script/Landscape.LandscapeStreamingProxy Name:LandscapeStreamingProxy_07IY60FFKA4YN3TYH0HTTU4UW_254_0_0_0 Label:LandscapeStreamingProxy_0_0_0 SpatiallyLoaded:1 Bounds:IsValid=true, Min=(X=-6300.000 Y=-6300.000 Z=71.875), Max=(X=6400.000 Y=6400.000 Z=1271.875) RuntimeGrid:None EditorOnly:0 RuntimeOnly:0 HLODRelevant:1
 |   |   |- [+] [ 25]
 |   |   |   |- Guid:F55550784239EEF615F2F7A713CB6C29 BaseClass: NativeClass:/Script/Engine.StaticMeshActor Name:StaticMeshActor_UAID_2CF05D55C5C3576A01_2022399433 Label:SM_CornerFrame2 SpatiallyLoaded:1 Bounds:IsValid=true, Min=(X=5800.830 Y=690.000 Z=556.349), Max=(X=5929.170 Y=803.651 Z=670.000) RuntimeGrid:None EditorOnly:0 RuntimeOnly:0 HLODRelevant:1
 |   |   |- [+] [ 26]
 |   |   |   |- Guid:2FB58999456391D349DC0F86DAC136ED BaseClass: NativeClass:/Script/Engine.SkyLight Name:SkyLight_1 Label:SkyLight SpatiallyLoaded:0 Bounds:IsValid=true, Min=(X=0.000 Y=0.000 Z=1020.000), Max=(X=0.000 Y=0.000 Z=1020.000) RuntimeGrid:None EditorOnly:0 RuntimeOnly:0 HLODRelevant:0 FolderPath:Lighting FolderGuid:963EC3EB4002CCE9759E2EBA541A873A
 |   |   |- [+] [ 27]
 |   |   |   |- Guid:AD2BE6814B800F482C25C7A4AC100699 BaseClass: NativeClass:/Script/Engine.StaticMeshActor Name:StaticMeshActor_UAID_2CF05D55C5C3596A01_1628382818 Label:Shape_Pipe_97 SpatiallyLoaded:1 Bounds:IsValid=true, Min=(X=3103.943 Y=-3620.000 Z=620.000), Max=(X=3662.668 Y=-3061.275 Z=920.000) RuntimeGrid:None EditorOnly:0 RuntimeOnly:0 HLODRelevant:1
 |   |   |- [+] [ 28]
 |   |   |   |- Guid:6D2C59E545FF372506DF208B0014E7D1 BaseClass: NativeClass:/Script/Engine.StaticMeshActor Name:StaticMeshActor_UAID_2CF05D55C5C35F6A01_1333644830 Label:LOW_ SpatiallyLoaded:1 Bounds:IsValid=true, Min=(X=2334.229 Y=-2817.899 Z=385.307), Max=(X=2954.551 Y=-2266.226 Z=1106.113) RuntimeGrid:None EditorOnly:0 RuntimeOnly:0 HLODRelevant:1
 |   |   |- [+] [ 29]
 |   |   |   |- Guid:D87E516F40AC52AC22A5E1A1259829B5 BaseClass: NativeClass:/Script/Engine.StaticMeshActor Name:StaticMeshActor_UAID_2CF05D55C5C3576A01_1916322430 Label:SM_Stairs SpatiallyLoaded:1 Bounds:IsValid=true, Min=(X=5156.039 Y=-329.500 Z=490.000), Max=(X=5274.286 Y=-50.500 Z=559.770) RuntimeGrid:None EditorOnly:0 RuntimeOnly:0 HLODRelevant:1
 |   |   |- [+] [ 30]
 |   |   |   |- Guid:506CA00547DE5BD98BEAD98D69AE9B99 BaseClass: NativeClass:/Script/Engine.StaticMeshActor Name:StaticMeshActor_UAID_2CF05D55C5C3576A01_1558129411 Label:Wall_400x401 SpatiallyLoaded:1 Bounds:IsValid=true, Min=(X=5270.000 Y=-1160.000 Z=560.000), Max=(X=6151.000 Y=-1140.000 Z=960.000) RuntimeGrid:None EditorOnly:0 RuntimeOnly:0 HLODRelevant:1
 |   |   |- [+] [ 31]
 |   |   |   |- Guid:A10B8AB047F231C14791DC83F8DFF29B BaseClass: NativeClass:/Script/Engine.StaticMeshActor Name:StaticMeshActor_UAID_2CF05D55C5C3576A01_2139163437 Label:SM_Chair SpatiallyLoaded:1 Bounds:IsValid=true, Min=(X=5689.549 Y=859.788 Z=560.000), Max=(X=5770.451 Y=941.944 Z=675.351) RuntimeGrid:None EditorOnly:0 RuntimeOnly:0 HLODRelevant:1
 |   |   |- [+] [ 32]
 |   |   |   |- Guid:2D27802C4E8BB6B7989A249230EF76F3 BaseClass: NativeClass:/Script/Engine.StaticMeshActor Name:StaticMeshActor_UAID_2CF05D55C5C3586A01_1716446627 Label:SM_AssetPlatform SpatiallyLoaded:1 Bounds:IsValid=true, Min=(X=5943.000 Y=713.000 Z=669.981), Max=(X=6017.000 Y=787.000 Z=673.700) RuntimeGrid:None EditorOnly:0 RuntimeOnly:0 HLODRelevant:1
 |   |   |- [+] [ 33]
 |   |   |   |- Guid:BBC68F71462C1D1175038CAD9CE559A8 BaseClass: NativeClass:/Script/Engine.StaticMeshActor Name:StaticMeshActor_UAID_2CF05D55C5C3586A01_1695452626 Label:SM_Lamp_Ceiling2 SpatiallyLoaded:1 Bounds:IsValid=true, Min=(X=5378.000 Y=1088.000 Z=560.007), Max=(X=5422.000 Y=1132.000 Z=693.538) RuntimeGrid:None EditorOnly:0 RuntimeOnly:0 HLODRelevant:1
 |   |   |- [+] [ 34]
 |   |   |   |- Guid:1BEB386A44E285CA6652EC89D58B2AA8 BaseClass: NativeClass:/Script/Engine.StaticMeshActor Name:StaticMeshActor_UAID_2CF05D55C5C3576A01_2067855434 Label:SM_CornerFrame3 SpatiallyLoaded:1 Bounds:IsValid=true, Min=(X=5672.830 Y=690.000 Z=556.349), Max=(X=5801.170 Y=803.651 Z=670.000) RuntimeGrid:None EditorOnly:0 RuntimeOnly:0 HLODRelevant:1
 |   |   |- [+] [ 35]
 |   |   |   |- Guid:CE5DECA2417B5232CB7C1B98690616D0 BaseClass: NativeClass:/Script/Engine.StaticMeshActor Name:StaticMeshActor_UAID_2CF05D55C5C3576A01_1664343417 Label:Wall_Door_400x300 SpatiallyLoaded:1 Bounds:IsValid=true, Min=(X=5270.000 Y=-390.000 Z=560.000), Max=(X=5290.000 Y=10.000 Z=961.250) RuntimeGrid:None EditorOnly:0 RuntimeOnly:0 HLODRelevant:1
 |   |   |- [+] [ 36]
 |   |   |   |- Guid:B4D850A141DBFF7CF52A388FCCC18F0C BaseClass: NativeClass:/Script/Engine.StaticMeshActor Name:StaticMeshActor_UAID_2CF05D55C5C3596A01_1569520811 Label:Shape_Pipe_90 SpatiallyLoaded:1 Bounds:IsValid=true, Min=(X=1409.961 Y=444.473 Z=380.000), Max=(X=2040.000 Y=1074.512 Z=680.000) RuntimeGrid:None EditorOnly:0 RuntimeOnly:0 HLODRelevant:1
 |   |   |- [+] [ 37]
 |   |   |   |- Guid:FC9540A8476FC7428116A89D15F63704 BaseClass: NativeClass:/Script/Engine.StaticMeshActor Name:StaticMeshActor_UAID_2CF05D55C5C35F6A01_1278394829 Label:LOW SpatiallyLoaded:1 Bounds:IsValid=true, Min=(X=3275.743 Y=-4325.812 Z=583.795), Max=(X=4142.952 Y=-3341.024 Z=1656.967) RuntimeGrid:None EditorOnly:0 RuntimeOnly:0 HLODRelevant:1
 |   |   |- [+] [ 38]
 |   |   |   |- Guid:FAE63A5E47DEC0B5FFBC5991D2695B6D BaseClass: NativeClass:/Script/Engine.StaticMeshActor Name:StaticMeshActor_UAID_2CF05D55C5C35F6A01_1880595854 Label:LOW3 SpatiallyLoaded:1 Bounds:IsValid=true, Min=(X=1664.369 Y=539.691 Z=413.795), Max=(X=2782.813 Y=1605.079 Z=1486.967) RuntimeGrid:None EditorOnly:0 RuntimeOnly:0 HLODRelevant:1
 |   |   |- [+] [ 39]
 |   |   |   |- Guid:5C78FF194892DF381DE30C84EB2EB827 BaseClass: NativeClass:/Script/Engine.StaticMeshActor Name:StaticMeshActor_UAID_2CF05D55C5C3596A01_1527607806 Label:Shape_Cube2 SpatiallyLoaded:1 Bounds:IsValid=true, Min=(X=-1188.750 Y=-4012.750 Z=630.000), Max=(X=-1091.250 Y=-3027.250 Z=930.000) RuntimeGrid:None EditorOnly:0 RuntimeOnly:0 HLODRelevant:1
 |   |   |- [+] [ 40]
 |   |   |   |- Guid:962B77A04E143DDB099009B207BEA23B BaseClass: NativeClass:/Script/Engine.StaticMeshActor Name:StaticMeshActor_UAID_2CF05D55C5C3586A01_1303994619 Label:MaterialSphere SpatiallyLoaded:1 Bounds:IsValid=true, Min=(X=-5420.125 Y=-350.125 Z=409.875), Max=(X=-5079.875 Y=-9.875 Z=750.125) RuntimeGrid:None EditorOnly:0 RuntimeOnly:0 HLODRelevant:1
 |   |   |- [+] [ 41]
 |   |   |   |- Guid:511422404769BD39B052C5B718027064 BaseClass: NativeClass:/Script/Engine.StaticMeshActor Name:StaticMeshActor_UAID_2CF05D55C5C3586A01_1622697624 Label:SM_Shelf SpatiallyLoaded:1 Bounds:IsValid=true, Min=(X=5690.000 Y=-1139.997 Z=744.702), Max=(X=5890.000 Y=-1108.188 Z=769.996) RuntimeGrid:None EditorOnly:0 RuntimeOnly:0 HLODRelevant:1
 |   |   |- [+] [ 42]
 |   |   |   |- Guid:BF7396F34B3EC5779FC84C942F1C81E9 BaseClass: NativeClass:/Script/Engine.StaticMeshActor Name:StaticMeshActor_UAID_2CF05D55C5C3576A01_1846075425 Label:SM_Lamp_Wall SpatiallyLoaded:1 Bounds:IsValid=true, Min=(X=5289.934 Y=-408.309 Z=759.952), Max=(X=5308.309 Y=-371.691 Z=789.370) RuntimeGrid:None EditorOnly:0 RuntimeOnly:0 HLODRelevant:1
 |   |   |- [+] [ 43]
 |   |   |   |- Guid:260E99DE458CF8E89F926C9570ADE093 BaseClass: NativeClass:/Script/Engine.StaticMeshActor Name:StaticMeshActor_UAID_2CF05D55C5C3596A01_1614060814 Label:Shape_Pipe_93 SpatiallyLoaded:1 Bounds:IsValid=true, Min=(X=3738.605 Y=4280.000 Z=620.000), Max=(X=4269.013 Y=4810.409 Z=920.000) RuntimeGrid:None EditorOnly:0 RuntimeOnly:0 HLODRelevant:1
 |   |   |- [+] [ 44]
 |   |   |   |- Guid:F50DD0594523D3107933A3A1A5824C09 BaseClass: NativeClass:/Script/Engine.StaticMeshActor Name:StaticMeshActor_UAID_2CF05D55C5C3576A01_2085363435 Label:SM_CornerFrame4 SpatiallyLoaded:1 Bounds:IsValid=true, Min=(X=5545.830 Y=690.000 Z=556.349), Max=(X=5674.170 Y=803.651 Z=670.000) RuntimeGrid:None EditorOnly:0 RuntimeOnly:0 HLODRelevant:1
 |   |   |- [+] [ 45]
 |   |   |   |- Guid:DDAAE41C41D40A2785941F8EEC843CE4 BaseClass: NativeClass:/Script/Engine.StaticMeshActor Name:StaticMeshActor_UAID_2CF05D55C5C3586A01_1729633628 Label:SM_AssetPlatform2 SpatiallyLoaded:1 Bounds:IsValid=true, Min=(X=5463.000 Y=713.000 Z=669.981), Max=(X=5537.000 Y=787.000 Z=673.700) RuntimeGrid:None EditorOnly:0 RuntimeOnly:0 HLODRelevant:1
 |   |   |- [+] [ 46]
 |   |   |   |- Guid:4587A8B74F01953AC8E0059659895C3B BaseClass: NativeClass:/Script/Engine.StaticMeshActor Name:StaticMeshActor_UAID_2CF05D55C5C3576A01_1858606426 Label:SM_Statue SpatiallyLoaded:1 Bounds:IsValid=true, Min=(X=5347.560 Y=-1062.440 Z=560.000), Max=(X=5492.440 Y=-917.560 Z=884.657) RuntimeGrid:None EditorOnly:0 RuntimeOnly:0 HLODRelevant:1
 |   |   |- [+] [ 47]
 |   |   |   |- Guid:3A00AA1C422CE54C0BDB60BAF471BFBB BaseClass: NativeClass:/Script/Engine.PlayerStart Name:PlayerStart_0 Label:PlayerStart SpatiallyLoaded:0 Bounds:IsValid=true, Min=(X=5700.000 Y=-750.000 Z=560.013), Max=(X=5780.000 Y=-670.000 Z=744.013) RuntimeGrid:None EditorOnly:0 RuntimeOnly:0 HLODRelevant:0
 |   |   |- [+] [ 48]
 |   |   |   |- Guid:F6B4E2444A6E12700A6B2A97851AFA51 BaseClass: NativeClass:/Script/Engine.StaticMeshActor Name:StaticMeshActor_UAID_2CF05D55C5C3586A01_1661959625 Label:SM_Lamp_Ceiling SpatiallyLoaded:1 Bounds:IsValid=true, Min=(X=6018.000 Y=1088.000 Z=560.007), Max=(X=6062.000 Y=1132.000 Z=693.538) RuntimeGrid:None EditorOnly:0 RuntimeOnly:0 HLODRelevant:1
 |   |   |- [+] [ 49]
 |   |   |   |- Guid:A5F5F8764978A35E1FE2DFBF5505F138 BaseClass: NativeClass:/Script/Engine.StaticMeshActor Name:StaticMeshActor_UAID_2CF05D55C5C3576A01_1980977432 Label:SM_CornerFrame SpatiallyLoaded:1 Bounds:IsValid=true, Min=(X=5930.000 Y=685.830 Z=556.349), Max=(X=6043.651 Y=814.170 Z=670.000) RuntimeGrid:None EditorOnly:0 RuntimeOnly:0 HLODRelevant:1
 |   |   |- [+] [ 50]
 |   |   |   |- Guid:303AE55640027E9D3B2254A79D06A3BE BaseClass: NativeClass:/Script/Engine.StaticMeshActor Name:StaticMeshActor_UAID_2CF05D55C5C3586A01_1594900622 Label:SM_Lamp_Wall4 SpatiallyLoaded:1 Bounds:IsValid=true, Min=(X=6131.691 Y=-888.309 Z=759.952), Max=(X=6150.066 Y=-851.691 Z=789.370) RuntimeGrid:None EditorOnly:0 RuntimeOnly:0 HLODRelevant:1
 |   |   |- [+] [ 51]
 |   |   |   |- Guid:ED52A8EF4136AB427F0E1783DECB85E6 BaseClass: NativeClass:/Script/Engine.StaticMeshActor Name:StaticMeshActor_UAID_2CF05D55C5C3596A01_1618628815 Label:Shape_Pipe_94 SpatiallyLoaded:1 Bounds:IsValid=true, Min=(X=-190.039 Y=-5705.527 Z=380.000), Max=(X=440.000 Y=-5075.488 Z=680.000) RuntimeGrid:None EditorOnly:0 RuntimeOnly:0 HLODRelevant:1
 |   |   |- [+] [ 52]
 |   |   |   |- Guid:4AA41E374C78CEA1DC6D828CDC077004 BaseClass: NativeClass:/Script/Engine.StaticMeshActor Name:StaticMeshActor_UAID_2CF05D55C5C35F6A01_1123905824 Label:CASATRONCO SpatiallyLoaded:1 Bounds:IsValid=true, Min=(X=-437.842 Y=-3674.451 Z=505.918), Max=(X=953.640 Y=-2820.770 Z=1567.172) RuntimeGrid:None EditorOnly:0 RuntimeOnly:0 HLODRelevant:1
 |   |   |- [+] [ 53]
 |   |   |   |- Guid:A10FDC39473C194ADA4986904B0BA761 BaseClass: NativeClass:/Script/Landscape.Landscape Name:Landscape_UAID_2CF05D55C5C3326701_1587817732 Label:Landscape SpatiallyLoaded:0 Bounds:IsValid=true, Min=(X=-6300.000 Y=-6300.000 Z=100.000), Max=(X=-6300.000 Y=-6300.000 Z=100.000) RuntimeGrid:None EditorOnly:0 RuntimeOnly:0 HLODRelevant:0
 |   |   |- [+] [ 54]
 |   |   |   |- Guid:2D7E3FA141DC175BB6A91E963843CD92 BaseClass: NativeClass:/Script/Engine.StaticMeshActor Name:StaticMeshActor_UAID_2CF05D55C5C35F6A01_1856626853 Label:LOW2 SpatiallyLoaded:1 Bounds:IsValid=true, Min=(X=311.024 Y=-5584.257 Z=503.795), Max=(X=1295.812 Y=-4717.048 Z=1576.967) RuntimeGrid:None EditorOnly:0 RuntimeOnly:0 HLODRelevant:1
 |   |   |- [+] [ 55]
 |   |   |   |- Guid:5370ACC34FBE181BA8289881E669480F BaseClass: NativeClass:/Script/Engine.StaticMeshActor Name:StaticMeshActor_UAID_2CF05D55C5C35F6A01_1371367831 Label:PROTA_LOW_POLY SpatiallyLoaded:1 Bounds:IsValid=true, Min=(X=1737.929 Y=-1418.728 Z=395.881), Max=(X=1922.091 Y=-1325.440 Z=599.279) RuntimeGrid:None EditorOnly:0 RuntimeOnly:0 HLODRelevant:1
 |   |   |- [+] [ 56]
 |   |   |   |- Guid:33A167974254BB3B4BA7408527E4D6D4 BaseClass: NativeClass:/Script/Engine.StaticMeshActor Name:StaticMeshActor_UAID_2CF05D55C5C35F6A01_1411628832 Label:SILLAHJA SpatiallyLoaded:1 Bounds:IsValid=true, Min=(X=2478.067 Y=-1361.345 Z=539.624), Max=(X=2621.927 Y=-1084.381 Z=670.505) RuntimeGrid:None EditorOnly:0 RuntimeOnly:0 HLODRelevant:1
 |   |   |- [+] [ 57]
 |   |   |   |- Guid:83E4BFD34D89FF3739B4FE94631EA345 BaseClass: NativeClass:/Script/Engine.StaticMeshActor Name:StaticMeshActor_UAID_2CF05D55C5C35F6A01_1446765833 Label:SILLAHOJA2 SpatiallyLoaded:1 Bounds:IsValid=true, Min=(X=2819.591 Y=-1207.290 Z=519.643), Max=(X=2960.428 Y=-1023.584 Z=802.954) RuntimeGrid:None EditorOnly:0 RuntimeOnly:0 HLODRelevant:1
 |   |   |- [+] [ 58]
 |   |   |   |- Guid:B786A46442D602C4C268B3A7A9AC294E BaseClass: NativeClass:/Script/Engine.StaticMeshActor Name:StaticMeshActor_UAID_2CF05D55C5C35F6A01_1508972838 Label:Mushroom_model_pCylinder1 SpatiallyLoaded:1 Bounds:IsValid=true, Min=(X=-220.005 Y=-2124.167 Z=605.147), Max=(X=596.659 Y=-1307.502 Z=1809.916) RuntimeGrid:None EditorOnly:0 RuntimeOnly:0 HLODRelevant:1
 |   |   |- [+] [ 59]
 |   |   |   |- Guid:5F535F6F48A1339C319757A8054F38EC BaseClass: NativeClass:/Script/Engine.StaticMeshActor Name:StaticMeshActor_UAID_2CF05D55C5C35F6A01_1670632846 Label:LOW_6 SpatiallyLoaded:1 Bounds:IsValid=true, Min=(X=1036.228 Y=2545.302 Z=475.307), Max=(X=1742.712 Y=3220.809 Z=1196.113) RuntimeGrid:None EditorOnly:0 RuntimeOnly:0 HLODRelevant:1
 |   |   |- [+] [ 60]
 |   |   |   |- Guid:3DA620B645F9B3E44679A7859329A2B7 BaseClass: NativeClass:/Script/Engine.StaticMeshActor Name:StaticMeshActor_UAID_2CF05D55C5C35F6A01_1653510845 Label:LOW_5 SpatiallyLoaded:1 Bounds:IsValid=true, Min=(X=3515.404 Y=2122.351 Z=475.307), Max=(X=4135.727 Y=2674.025 Z=1196.113) RuntimeGrid:None EditorOnly:0 RuntimeOnly:0 HLODRelevant:1
 |   |   |- [+] [ 61]
 |   |   |   |- Guid:C50FC6EA485A33AB86D1729A01277367 BaseClass: NativeClass:/Script/Engine.StaticMeshActor Name:StaticMeshActor_UAID_2CF05D55C5C35F6A01_1624858844 Label:LOW_4 SpatiallyLoaded:1 Bounds:IsValid=true, Min=(X=817.390 Y=-285.790 Z=415.307), Max=(X=1524.824 Y=432.075 Z=1136.113) RuntimeGrid:None EditorOnly:0 RuntimeOnly:0 HLODRelevant:1
 |   |   |- [+] [ 62]
 |   |   |   |- Guid:3C7F94584DF5FB92731353BBD4CB4BA2 BaseClass: NativeClass:/Script/Engine.StaticMeshActor Name:StaticMeshActor_UAID_2CF05D55C5C35F6A01_1607012843 Label:LOW_3 SpatiallyLoaded:1 Bounds:IsValid=true, Min=(X=3569.191 Y=-1103.772 Z=475.307), Max=(X=4244.698 Y=-397.288 Z=1196.113) RuntimeGrid:None EditorOnly:0 RuntimeOnly:0 HLODRelevant:1
 |   |   |- [+] [ 63]
 |   |   |   |- Guid:F0A809F441176B8A2A882797CE3C29C6 BaseClass: NativeClass:/Script/Engine.StaticMeshActor Name:StaticMeshActor_UAID_2CF05D55C5C35F6A01_1584337842 Label:LOW_2 SpatiallyLoaded:1 Bounds:IsValid=true, Min=(X=2231.937 Y=-4798.439 Z=535.307), Max=(X=2905.575 Y=-4175.384 Z=1256.113) RuntimeGrid:None EditorOnly:0 RuntimeOnly:0 HLODRelevant:1
 |   |   |- [+] [ 64]
 |   |   |   |- Guid:FFF533F94DB43D5373ABF29400162F0C BaseClass: NativeClass:/Script/Engine.StaticMeshActor Name:StaticMeshActor_UAID_2CF05D55C5C35F6A01_1536605839 Label:CASATRONCO2 SpatiallyLoaded:1 Bounds:IsValid=true, Min=(X=1064.050 Y=-2398.695 Z=341.377), Max=(X=2528.253 Y=-1196.762 Z=1196.446) RuntimeGrid:None EditorOnly:0 RuntimeOnly:0 HLODRelevant:1
 |   |   |- [+] [ 65]
 |   |   |   |- Guid:C3FC8A9B41FEBB57B881D684CCD19C88 BaseClass: NativeClass:/Script/Engine.StaticMeshActor Name:StaticMeshActor_UAID_2CF05D55C5C35F6A01_1508938836 Label:Mushroom_model_pasted__pasted__pCylinder1pasted__group2group3 SpatiallyLoaded:1 Bounds:IsValid=true, Min=(X=-392.631 Y=-2049.289 Z=601.472), Max=(X=106.601 Y=-1543.905 Z=1348.639) RuntimeGrid:None EditorOnly:0 RuntimeOnly:0 HLODRelevant:1
 |   |   |- [+] [ 66]
 |   |   |   |- Guid:C3C8EF9F484BF6555F0B81A786D851F1 BaseClass: NativeClass:/Script/Engine.StaticMeshActor Name:StaticMeshActor_UAID_2CF05D55C5C35F6A01_1508955837 Label:Mushroom_model_pasted__pCylinder1group2 SpatiallyLoaded:1 Bounds:IsValid=true, Min=(X=311.009 Y=-1982.541 Z=608.573), Max=(X=708.281 Y=-1583.299 Z=1201.263) RuntimeGrid:None EditorOnly:0 RuntimeOnly:0 HLODRelevant:1
 |   |   |- [+] [ 67]
 |   |   |   |- Guid:737C30CF439CDD3614F2C69CF6F0C5D8 BaseClass: NativeClass:/Script/Engine.StaticMeshActor Name:StaticMeshActor_UAID_2CF05D55C5C35F6A01_1724656847 Label:LOW_7 SpatiallyLoaded:1 Bounds:IsValid=true, Min=(X=-1192.585 Y=2545.522 Z=335.307), Max=(X=-486.100 Y=3221.029 Z=1056.113) RuntimeGrid:None EditorOnly:0 RuntimeOnly:0 HLODRelevant:1
 |   |   |- [+] [ 68]
 |   |   |   |- Guid:F26491B24C1FEA401B5BF1827A9D898F BaseClass: NativeClass:/Script/Engine.StaticMeshActor Name:StaticMeshActor_UAID_2CF05D55C5C35F6A01_1733930848 Label:LOW_8 SpatiallyLoaded:1 Bounds:IsValid=true, Min=(X=-3433.900 Y=308.971 Z=345.307), Max=(X=-2727.415 Y=984.478 Z=1066.113) RuntimeGrid:None EditorOnly:0 RuntimeOnly:0 HLODRelevant:1
 |   |   |- [+] [ 69]
 |   |   |   |- Guid:DB8F6A514AED2CDD4A90C891E400501F BaseClass: NativeClass:/Script/Engine.StaticMeshActor Name:StaticMeshActor_UAID_2CF05D55C5C35F6A01_1735895849 Label:LOW_9 SpatiallyLoaded:1 Bounds:IsValid=true, Min=(X=-5518.150 Y=845.145 Z=365.307), Max=(X=-4844.512 Y=1468.200 Z=1086.113) RuntimeGrid:None EditorOnly:0 RuntimeOnly:0 HLODRelevant:1
 |   |   |- [+] [ 70]
 |   |   |   |- Guid:CBA32BE4497DA5F9BEC9AFBE13B4DDD8 BaseClass: NativeClass:/Script/Engine.StaticMeshActor Name:StaticMeshActor_UAID_2CF05D55C5C35F6A01_1738427850 Label:LOW_10 SpatiallyLoaded:1 Bounds:IsValid=true, Min=(X=-3912.415 Y=-4582.239 Z=395.307), Max=(X=-3204.982 Y=-3864.374 Z=1116.113) RuntimeGrid:None EditorOnly:0 RuntimeOnly:0 HLODRelevant:1
 |   |   |- [+] [ 71]
 |   |   |   |- Guid:A0FFBCCE42E8A2F01C5C90B6A711672F BaseClass: NativeClass:/Script/Engine.StaticMeshActor Name:StaticMeshActor_UAID_2CF05D55C5C35F6A01_1744885851 Label:LOW_11 SpatiallyLoaded:1 Bounds:IsValid=true, Min=(X=-1042.239 Y=-5585.018 Z=235.307), Max=(X=-324.374 Y=-4877.585 Z=956.113) RuntimeGrid:None EditorOnly:0 RuntimeOnly:0 HLODRelevant:1
 |- ContainerInstances:
 |- [+] MainContainer:
 |   |-        ID: 0x0000000000000000
 |   |-    Bounds: IsValid=false, Min=(X=0.000 Y=0.000 Z=0.000), Max=(X=0.000 Y=0.000 Z=0.000)
 |   |- Transform: 0.000000,0.000000,0.000000|0.000000,0.000000,-0.000000|1.000000,1.000000,1.000000
 |   |- Container: /Game/ThirdPerson/Maps/ThirdPersonMap
----------------------------------------------------------------------------------------------------------------
ThirdPersonMap - Persistent Level
----------------------------------------------------------------------------------------------------------------
Always loaded Actor Count: 99 

----------------------------------------------------------------------------------------------------------------
ThirdPersonMap - Runtime Spatial Hash - Streaming Grid - MainGrid
----------------------------------------------------------------------------------------------------------------
            Origin: X=0.000 Y=0.000 Z=0.000
         Cell Size: 12800
      World Bounds: IsValid=false, Min=(X=0.000 Y=0.000 Z=0.000), Max=(X=0.000 Y=0.000 Z=0.000)
     Loading Range: 25600.00
Block Slow Loading: No
 ClientOnlyVisible: No

[+] Grid Levels: 1
 |- Level  0: Cell Count    0 | Cell Size   12800 | Actor Count    0 (0.0%)

[+] Content of Grid Level 0

